
[2019-10-10 13:48:16] production.ERROR: SQLSTATE[23000]: Integrity constraint violation: 1048 Column 'prod_value' cannot be null (SQL: insert into `ship_wk_tbl` (`user_id`, `pro_no`, `pu_no`, `po_no`, `barcode`, `carrier`, `work_status`, `orig_company`, `orig_address_01`, `orig_address_02`, `orig_city`, `orig_zip`, `orig_state`, `orig_cont_name`, `orig_cont_phone`, `orig_cont_email`, `orig_pickup_date`, `orig_type`, `orig_dock`, `orig_frklft`, `orig_flrstk`, `orig_inside`, `orig_lfgt`, `orig_notes`, `dest_company`, `dest_address_01`, `dest_address_02`, `dest_city`, `dest_zip`, `dest_state`, `dest_cont_name`, `dest_cont_phone`, `dest_cont_email`, `dest_pickup_date`, `dest_type`, `dest_frklft`, `dest_dock`, `dest_inside`, `dest_lfgt`, `dest_app_req`, `dest_notes`, `prod_type`, `prod_desc`, `prod_value`, `prod_hazard`, `prod_stackable`, `no_of_pallets`, `weight_per_pallet`, `tot_load_wt`, `pallet_width`, `pallet_length`, `pallet_height`, `freight_class`, `load_strap`, `load_blck`, `pal_area`, `tot_area`, `max_pal_wt`, `max_load`, `max_width`, `max_length`, `max_height`, `ext_wght`, `sm_pall_chg`, `mult_sm_pal_cost`, `sing_pal_cost`, `mult_pal_cost`, `wt_chg`, `pall_disc`, `pall_disc_cst`, `tot_load_cost`, `updated_at`, `created_at`) values (68, 0, 0, 0, 0, 0, In Progress, Berkley International, 2725 E El Presidio Street, N/A, Carson, 90810, CA, Brett Berkley, 3109001771, brett@goberkley.com, 2019-10-11, Commercial, Yes, No, No, No, No, N/A, Greenbar Distillery, 2459 E 8th Street, N/A, Los Angeles, 90021, CA, Bill Auxier, 6302090378, bill@greenbar.biz, 2019-10-11, Commercial, Yes, No, No, No, No, N/A, Pallet, N/A, ?, No, No, 3, 454, 1362, 48, 40, 84, 50, No, No, 13.333333333333, 40, Go, Go, Go, Go, Go, 0, 0, 0, 68.33, 204.99, 0.00, 0.4, 27.33, 124.36, 2019-10-10 13:48:16, 2019-10-10 13:48:16)) {"userId":68,"exception":"[object] (Illuminate\\Database\\QueryException(code: 23000): SQLSTATE[23000]: Integrity constraint violation: 1048 Column 'prod_value' cannot be null (SQL: insert into `ship_wk_tbl` (`user_id`, `pro_no`, `pu_no`, `po_no`, `barcode`, `carrier`, `work_status`, `orig_company`, `orig_address_01`, `orig_address_02`, `orig_city`, `orig_zip`, `orig_state`, `orig_cont_name`, `orig_cont_phone`, `orig_cont_email`, `orig_pickup_date`, `orig_type`, `orig_dock`, `orig_frklft`, `orig_flrstk`, `orig_inside`, `orig_lfgt`, `orig_notes`, `dest_company`, `dest_address_01`, `dest_address_02`, `dest_city`, `dest_zip`, `dest_state`, `dest_cont_name`, `dest_cont_phone`, `dest_cont_email`, `dest_pickup_date`, `dest_type`, `dest_frklft`, `dest_dock`, `dest_inside`, `dest_lfgt`, `dest_app_req`, `dest_notes`, `prod_type`, `prod_desc`, `prod_value`, `prod_hazard`, `prod_stackable`, `no_of_pallets`, `weight_per_pallet`, `tot_load_wt`, `pallet_width`, `pallet_length`, `pallet_height`, `freight_class`, `load_strap`, `load_blck`, `pal_area`, `tot_area`, `max_pal_wt`, `max_load`, `max_width`, `max_length`, `max_height`, `ext_wght`, `sm_pall_chg`, `mult_sm_pal_cost`, `sing_pal_cost`, `mult_pal_cost`, `wt_chg`, `pall_disc`, `pall_disc_cst`, `tot_load_cost`, `updated_at`, `created_at`) values (68, 0, 0, 0, 0, 0, In Progress, Berkley International, 2725 E El Presidio Street, N/A, Carson, 90810, CA, Brett Berkley, 3109001771, brett@goberkley.com, 2019-10-11, Commercial, Yes, No, No, No, No, N/A, Greenbar Distillery, 2459 E 8th Street, N/A, Los Angeles, 90021, CA, Bill Auxier, 6302090378, bill@greenbar.biz, 2019-10-11, Commercial, Yes, No, No, No, No, N/A, Pallet, N/A, ?, No, No, 3, 454, 1362, 48, 40, 84, 50, No, No, 13.333333333333, 40, Go, Go, Go, Go, Go, 0, 0, 0, 68.33, 204.99, 0.00, 0.4, 27.33, 124.36, 2019-10-10 13:48:16, 2019-10-10 13:48:16)) at /var/www/html/fillstorship/vendor/laravel/framework/src/Illuminate/Database/Connection.php:664, PDOException(code: 23000): SQLSTATE[23000]: Integrity constraint violation: 1048 Column 'prod_value' cannot be null at /var/www/html/fillstorship/vendor/laravel/framework/src/Illuminate/Database/Connection.php:458)
[stacktrace]
#0 /var/www/html/fillstorship/vendor/laravel/framework/src/Illuminate/Database/Connection.php(624): Illuminate\\Database\\Connection->runQueryCallback('insert into `sh...', Array, Object(Closure))
#1 /var/www/html/fillstorship/vendor/laravel/framework/src/Illuminate/Database/Connection.php(459): Illuminate\\Database\\Connection->run('insert into `sh...', Array, Object(Closure))
#2 /var/www/html/fillstorship/vendor/laravel/framework/src/Illuminate/Database/Connection.php(411): Illuminate\\Database\\Connection->statement('insert into `sh...', Array)
#3 /var/www/html/fillstorship/vendor/laravel/framework/src/Illuminate/Database/Query/Processors/Processor.php(32): Illuminate\\Database\\Connection->insert('insert into `sh...', Array)
#4 /var/www/html/fillstorship/vendor/laravel/framework/src/Illuminate/Database/Query/Builder.php(2690): Illuminate\\Database\\Query\\Processors\\Processor->processInsertGetId(Object(Illuminate\\Database\\Query\\Builder), 'insert into `sh...', Array, 'id')
#5 /var/www/html/fillstorship/vendor/laravel/framework/src/Illuminate/Database/Eloquent/Builder.php(1353): Illuminate\\Database\\Query\\Builder->insertGetId(Array, 'id')
#6 /var/www/html/fillstorship/vendor/laravel/framework/src/Illuminate/Database/Eloquent/Model.php(839): Illuminate\\Database\\Eloquent\\Builder->__call('insertGetId', Array)
#7 /var/www/html/fillstorship/vendor/laravel/framework/src/Illuminate/Database/Eloquent/Model.php(804): Illuminate\\Database\\Eloquent\\Model->insertAndSetId(Object(Illuminate\\Database\\Eloquent\\Builder), Array)
#8 /var/www/html/fillstorship/vendor/laravel/framework/src/Illuminate/Database/Eloquent/Model.php(667): Illuminate\\Database\\Eloquent\\Model->performInsert(Object(Illuminate\\Database\\Eloquent\\Builder))
#9 /var/www/html/fillstorship/app/Http/Controllers/ShipmentsController.php(845): Illuminate\\Database\\Eloquent\\Model->save()
#10 [internal function]: App\\Http\\Controllers\\ShipmentsController->store(Object(Illuminate\\Http\\Request))
#11 /var/www/html/fillstorship/vendor/laravel/framework/src/Illuminate/Routing/Controller.php(54): call_user_func_array(Array, Array)
#12 /var/www/html/fillstorship/vendor/laravel/framework/src/Illuminate/Routing/ControllerDispatcher.php(45): Illuminate\\Routing\\Controller->callAction('store', Array)
#13 /var/www/html/fillstorship/vendor/laravel/framework/src/Illuminate/Routing/Route.php(219): Illuminate\\Routing\\ControllerDispatcher->dispatch(Object(Illuminate\\Routing\\Route), Object(App\\Http\\Controllers\\ShipmentsController), 'store')
#14 /var/www/html/fillstorship/vendor/laravel/framework/src/Illuminate/Routing/Route.php(176): Illuminate\\Routing\\Route->runController()
#15 /var/www/html/fillstorship/vendor/laravel/framework/src/Illuminate/Routing/Router.php(680): Illuminate\\Routing\\Route->run()
#16 /var/www/html/fillstorship/vendor/laravel/framework/src/Illuminate/Routing/Pipeline.php(30): Illuminate\\Routing\\Router->Illuminate\\Routing\\{closure}(Object(Illuminate\\Http\\Request))
#17 /var/www/html/fillstorship/app/Http/Middleware/Impersonate.php(25): Illuminate\\Routing\\Pipeline->Illuminate\\Routing\\{closure}(Object(Illuminate\\Http\\Request))
#18 /var/www/html/fillstorship/vendor/laravel/framework/src/Illuminate/Pipeline/Pipeline.php(163): App\\Http\\Middleware\\Impersonate->handle(Object(Illuminate\\Http\\Request), Object(Closure))
#19 /var/www/html/fillstorship/vendor/laravel/framework/src/Illuminate/Routing/Pipeline.php(53): Illuminate\\Pipeline\\Pipeline->Illuminate\\Pipeline\\{closure}(Object(Illuminate\\Http\\Request))
#20 /var/www/html/fillstorship/vendor/laravel/framework/src/Illuminate/Routing/Middleware/SubstituteBindings.php(41): Illuminate\\Routing\\Pipeline->Illuminate\\Routing\\{closure}(Object(Illuminate\\Http\\Request))
#21 /var/www/html/fillstorship/vendor/laravel/framework/src/Illuminate/Pipeline/Pipeline.php(163): Illuminate\\Routing\\Middleware\\SubstituteBindings->handle(Object(Illuminate\\Http\\Request), Object(Closure))
#22 /var/www/html/fillstorship/vendor/laravel/framework/src/Illuminate/Routing/Pipeline.php(53): Illuminate\\Pipeline\\Pipeline->Illuminate\\Pipeline\\{closure}(Object(Illuminate\\Http\\Request))
#23 /var/www/html/fillstorship/vendor/laravel/framework/src/Illuminate/Foundation/Http/Middleware/VerifyCsrfToken.php(75): Illuminate\\Routing\\Pipeline->Illuminate\\Routing\\{closure}(Object(Illuminate\\Http\\Request))
#24 /var/www/html/fillstorship/vendor/laravel/framework/src/Illuminate/Pipeline/Pipeline.php(163): Illuminate\\Foundation\\Http\\Middleware\\VerifyCsrfToken->handle(Object(Illuminate\\Http\\Request), Object(Closure))
#25 /var/www/html/fillstorship/vendor/laravel/framework/src/Illuminate/Routing/Pipeline.php(53): Illuminate\\Pipeline\\Pipeline->Illuminate\\Pipeline\\{closure}(Object(Illuminate\\Http\\Request))
#26 /var/www/html/fillstorship/vendor/laravel/framework/src/Illuminate/View/Middleware/ShareErrorsFromSession.php(49): Illuminate\\Routing\\Pipeline->Illuminate\\Routing\\{closure}(Object(Illuminate\\Http\\Request))
#27 /var/www/html/fillstorship/vendor/laravel/framework/src/Illuminate/Pipeline/Pipeline.php(163): Illuminate\\View\\Middleware\\ShareErrorsFromSession->handle(Object(Illuminate\\Http\\Request), Object(Closure))
#28 /var/www/html/fillstorship/vendor/laravel/framework/src/Illuminate/Routing/Pipeline.php(53): Illuminate\\Pipeline\\Pipeline->Illuminate\\Pipeline\\{closure}(Object(Illuminate\\Http\\Request))
#29 /var/www/html/fillstorship/vendor/laravel/framework/src/Illuminate/Session/Middleware/StartSession.php(56): Illuminate\\Routing\\Pipeline->Illuminate\\Routing\\{closure}(Object(Illuminate\\Http\\Request))
#30 /var/www/html/fillstorship/vendor/laravel/framework/src/Illuminate/Pipeline/Pipeline.php(163): Illuminate\\Session\\Middleware\\StartSession->handle(Object(Illuminate\\Http\\Request), Object(Closure))
#31 /var/www/html/fillstorship/vendor/laravel/framework/src/Illuminate/Routing/Pipeline.php(53): Illuminate\\Pipeline\\Pipeline->Illuminate\\Pipeline\\{closure}(Object(Illuminate\\Http\\Request))
#32 /var/www/html/fillstorship/vendor/laravel/framework/src/Illuminate/Cookie/Middleware/AddQueuedCookiesToResponse.php(37): Illuminate\\Routing\\Pipeline->Illuminate\\Routing\\{closure}(Object(Illuminate\\Http\\Request))
#33 /var/www/html/fillstorship/vendor/laravel/framework/src/Illuminate/Pipeline/Pipeline.php(163): Illuminate\\Cookie\\Middleware\\AddQueuedCookiesToResponse->handle(Object(Illuminate\\Http\\Request), Object(Closure))
#34 /var/www/html/fillstorship/vendor/laravel/framework/src/Illuminate/Routing/Pipeline.php(53): Illuminate\\Pipeline\\Pipeline->Illuminate\\Pipeline\\{closure}(Object(Illuminate\\Http\\Request))
#35 /var/www/html/fillstorship/vendor/laravel/framework/src/Illuminate/Cookie/Middleware/EncryptCookies.php(66): Illuminate\\Routing\\Pipeline->Illuminate\\Routing\\{closure}(Object(Illuminate\\Http\\Request))
#36 /var/www/html/fillstorship/vendor/laravel/framework/src/Illuminate/Pipeline/Pipeline.php(163): Illuminate\\Cookie\\Middleware\\EncryptCookies->handle(Object(Illuminate\\Http\\Request), Object(Closure))
#37 /var/www/html/fillstorship/vendor/laravel/framework/src/Illuminate/Routing/Pipeline.php(53): Illuminate\\Pipeline\\Pipeline->Illuminate\\Pipeline\\{closure}(Object(Illuminate\\Http\\Request))
#38 /var/www/html/fillstorship/vendor/laravel/framework/src/Illuminate/Pipeline/Pipeline.php(104): Illuminate\\Routing\\Pipeline->Illuminate\\Routing\\{closure}(Object(Illuminate\\Http\\Request))
#39 /var/www/html/fillstorship/vendor/laravel/framework/src/Illuminate/Routing/Router.php(682): Illuminate\\Pipeline\\Pipeline->then(Object(Closure))
#40 /var/www/html/fillstorship/vendor/laravel/framework/src/Illuminate/Routing/Router.php(657): Illuminate\\Routing\\Router->runRouteWithinStack(Object(Illuminate\\Routing\\Route), Object(Illuminate\\Http\\Request))
#41 /var/www/html/fillstorship/vendor/laravel/framework/src/Illuminate/Routing/Router.php(623): Illuminate\\Routing\\Router->runRoute(Object(Illuminate\\Http\\Request), Object(Illuminate\\Routing\\Route))
#42 /var/www/html/fillstorship/vendor/laravel/framework/src/Illuminate/Routing/Router.php(612): Illuminate\\Routing\\Router->dispatchToRoute(Object(Illuminate\\Http\\Request))
#43 /var/www/html/fillstorship/vendor/laravel/framework/src/Illuminate/Foundation/Http/Kernel.php(176): Illuminate\\Routing\\Router->dispatch(Object(Illuminate\\Http\\Request))
#44 /var/www/html/fillstorship/vendor/laravel/framework/src/Illuminate/Routing/Pipeline.php(30): Illuminate\\Foundation\\Http\\Kernel->Illuminate\\Foundation\\Http\\{closure}(Object(Illuminate\\Http\\Request))
#45 /var/www/html/fillstorship/vendor/fideloper/proxy/src/TrustProxies.php(57): Illuminate\\Routing\\Pipeline->Illuminate\\Routing\\{closure}(Object(Illuminate\\Http\\Request))
#46 /var/www/html/fillstorship/vendor/laravel/framework/src/Illuminate/Pipeline/Pipeline.php(163): Fideloper\\Proxy\\TrustProxies->handle(Object(Illuminate\\Http\\Request), Object(Closure))
#47 /var/www/html/fillstorship/vendor/laravel/framework/src/Illuminate/Routing/Pipeline.php(53): Illuminate\\Pipeline\\Pipeline->Illuminate\\Pipeline\\{closure}(Object(Illuminate\\Http\\Request))
#48 /var/www/html/fillstorship/vendor/laravel/framework/src/Illuminate/Foundation/Http/Middleware/TransformsRequest.php(21): Illuminate\\Routing\\Pipeline->Illuminate\\Routing\\{closure}(Object(Illuminate\\Http\\Request))
#49 /var/www/html/fillstorship/vendor/laravel/framework/src/Illuminate/Pipeline/Pipeline.php(163): Illuminate\\Foundation\\Http\\Middleware\\TransformsRequest->handle(Object(Illuminate\\Http\\Request), Object(Closure))
#50 /var/www/html/fillstorship/vendor/laravel/framework/src/Illuminate/Routing/Pipeline.php(53): Illuminate\\Pipeline\\Pipeline->Illuminate\\Pipeline\\{closure}(Object(Illuminate\\Http\\Request))
#51 /var/www/html/fillstorship/vendor/laravel/framework/src/Illuminate/Foundation/Http/Middleware/TransformsRequest.php(21): Illuminate\\Routing\\Pipeline->Illuminate\\Routing\\{closure}(Object(Illuminate\\Http\\Request))
#52 /var/www/html/fillstorship/vendor/laravel/framework/src/Illuminate/Pipeline/Pipeline.php(163): Illuminate\\Foundation\\Http\\Middleware\\TransformsRequest->handle(Object(Illuminate\\Http\\Request), Object(Closure))
#53 /var/www/html/fillstorship/vendor/laravel/framework/src/Illuminate/Routing/Pipeline.php(53): Illuminate\\Pipeline\\Pipeline->Illuminate\\Pipeline\\{closure}(Object(Illuminate\\Http\\Request))
#54 /var/www/html/fillstorship/vendor/laravel/framework/src/Illuminate/Foundation/Http/Middleware/ValidatePostSize.php(27): Illuminate\\Routing\\Pipeline->Illuminate\\Routing\\{closure}(Object(Illuminate\\Http\\Request))
#55 /var/www/html/fillstorship/vendor/laravel/framework/src/Illuminate/Pipeline/Pipeline.php(163): Illuminate\\Foundation\\Http\\Middleware\\ValidatePostSize->handle(Object(Illuminate\\Http\\Request), Object(Closure))
#56 /var/www/html/fillstorship/vendor/laravel/framework/src/Illuminate/Routing/Pipeline.php(53): Illuminate\\Pipeline\\Pipeline->Illuminate\\Pipeline\\{closure}(Object(Illuminate\\Http\\Request))
#57 /var/www/html/fillstorship/vendor/laravel/framework/src/Illuminate/Foundation/Http/Middleware/CheckForMaintenanceMode.php(62): Illuminate\\Routing\\Pipeline->Illuminate\\Routing\\{closure}(Object(Illuminate\\Http\\Request))
#58 /var/www/html/fillstorship/vendor/laravel/framework/src/Illuminate/Pipeline/Pipeline.php(163): Illuminate\\Foundation\\Http\\Middleware\\CheckForMaintenanceMode->handle(Object(Illuminate\\Http\\Request), Object(Closure))
#59 /var/www/html/fillstorship/vendor/laravel/framework/src/Illuminate/Routing/Pipeline.php(53): Illuminate\\Pipeline\\Pipeline->Illuminate\\Pipeline\\{closure}(Object(Illuminate\\Http\\Request))
#60 /var/www/html/fillstorship/vendor/laravel/framework/src/Illuminate/Pipeline/Pipeline.php(104): Illuminate\\Routing\\Pipeline->Illuminate\\Routing\\{closure}(Object(Illuminate\\Http\\Request))
#61 /var/www/html/fillstorship/vendor/laravel/framework/src/Illuminate/Foundation/Http/Kernel.php(151): Illuminate\\Pipeline\\Pipeline->then(Object(Closure))
#62 /var/www/html/fillstorship/vendor/laravel/framework/src/Illuminate/Foundation/Http/Kernel.php(116): Illuminate\\Foundation\\Http\\Kernel->sendRequestThroughRouter(Object(Illuminate\\Http\\Request))
#63 /var/www/html/fillstorship/public/index.php(55): Illuminate\\Foundation\\Http\\Kernel->handle(Object(Illuminate\\Http\\Request))
#64 {main}
"} 
[2019-10-10 13:48:40] production.ERROR: SQLSTATE[23000]: Integrity constraint violation: 1048 Column 'prod_value' cannot be null (SQL: insert into `ship_wk_tbl` (`user_id`, `pro_no`, `pu_no`, `po_no`, `barcode`, `carrier`, `work_status`, `orig_company`, `orig_address_01`, `orig_address_02`, `orig_city`, `orig_zip`, `orig_state`, `orig_cont_name`, `orig_cont_phone`, `orig_cont_email`, `orig_pickup_date`, `orig_type`, `orig_dock`, `orig_frklft`, `orig_flrstk`, `orig_inside`, `orig_lfgt`, `orig_notes`, `dest_company`, `dest_address_01`, `dest_address_02`, `dest_city`, `dest_zip`, `dest_state`, `dest_cont_name`, `dest_cont_phone`, `dest_cont_email`, `dest_pickup_date`, `dest_type`, `dest_frklft`, `dest_dock`, `dest_inside`, `dest_lfgt`, `dest_app_req`, `dest_notes`, `prod_type`, `prod_desc`, `prod_value`, `prod_hazard`, `prod_stackable`, `no_of_pallets`, `weight_per_pallet`, `tot_load_wt`, `pallet_width`, `pallet_length`, `pallet_height`, `freight_class`, `load_strap`, `load_blck`, `pal_area`, `tot_area`, `max_pal_wt`, `max_load`, `max_width`, `max_length`, `max_height`, `ext_wght`, `sm_pall_chg`, `mult_sm_pal_cost`, `sing_pal_cost`, `mult_pal_cost`, `wt_chg`, `pall_disc`, `pall_disc_cst`, `tot_load_cost`, `updated_at`, `created_at`) values (68, 0, 0, 0, 0, 0, In Progress, Berkley International, 2725 E El Presidio Street, N/A, Carson, 90810, CA, Brett Berkley, 3109001771, brett@goberkley.com, 2019-10-11, Commercial, Yes, No, No, No, No, N/A, Greenbar Distillery, 2459 E 8th Street, N/A, Los Angeles, 90021, CA, Bill Auxier, 6302090378, bill@greenbar.biz, 2019-10-11, Commercial, Yes, No, No, No, No, N/A, Pallet, N/A, ?, No, No, 3, 454, 1362, 48, 40, 84, 50, No, No, 13.333333333333, 40, Go, Go, Go, Go, Go, 0, 0, 0, 68.33, 204.99, 0.00, 0.4, 27.33, 124.36, 2019-10-10 13:48:40, 2019-10-10 13:48:40)) {"userId":68,"exception":"[object] (Illuminate\\Database\\QueryException(code: 23000): SQLSTATE[23000]: Integrity constraint violation: 1048 Column 'prod_value' cannot be null (SQL: insert into `ship_wk_tbl` (`user_id`, `pro_no`, `pu_no`, `po_no`, `barcode`, `carrier`, `work_status`, `orig_company`, `orig_address_01`, `orig_address_02`, `orig_city`, `orig_zip`, `orig_state`, `orig_cont_name`, `orig_cont_phone`, `orig_cont_email`, `orig_pickup_date`, `orig_type`, `orig_dock`, `orig_frklft`, `orig_flrstk`, `orig_inside`, `orig_lfgt`, `orig_notes`, `dest_company`, `dest_address_01`, `dest_address_02`, `dest_city`, `dest_zip`, `dest_state`, `dest_cont_name`, `dest_cont_phone`, `dest_cont_email`, `dest_pickup_date`, `dest_type`, `dest_frklft`, `dest_dock`, `dest_inside`, `dest_lfgt`, `dest_app_req`, `dest_notes`, `prod_type`, `prod_desc`, `prod_value`, `prod_hazard`, `prod_stackable`, `no_of_pallets`, `weight_per_pallet`, `tot_load_wt`, `pallet_width`, `pallet_length`, `pallet_height`, `freight_class`, `load_strap`, `load_blck`, `pal_area`, `tot_area`, `max_pal_wt`, `max_load`, `max_width`, `max_length`, `max_height`, `ext_wght`, `sm_pall_chg`, `mult_sm_pal_cost`, `sing_pal_cost`, `mult_pal_cost`, `wt_chg`, `pall_disc`, `pall_disc_cst`, `tot_load_cost`, `updated_at`, `created_at`) values (68, 0, 0, 0, 0, 0, In Progress, Berkley International, 2725 E El Presidio Street, N/A, Carson, 90810, CA, Brett Berkley, 3109001771, brett@goberkley.com, 2019-10-11, Commercial, Yes, No, No, No, No, N/A, Greenbar Distillery, 2459 E 8th Street, N/A, Los Angeles, 90021, CA, Bill Auxier, 6302090378, bill@greenbar.biz, 2019-10-11, Commercial, Yes, No, No, No, No, N/A, Pallet, N/A, ?, No, No, 3, 454, 1362, 48, 40, 84, 50, No, No, 13.333333333333, 40, Go, Go, Go, Go, Go, 0, 0, 0, 68.33, 204.99, 0.00, 0.4, 27.33, 124.36, 2019-10-10 13:48:40, 2019-10-10 13:48:40)) at /var/www/html/fillstorship/vendor/laravel/framework/src/Illuminate/Database/Connection.php:664, PDOException(code: 23000): SQLSTATE[23000]: Integrity constraint violation: 1048 Column 'prod_value' cannot be null at /var/www/html/fillstorship/vendor/laravel/framework/src/Illuminate/Database/Connection.php:458)
[stacktrace]
#0 /var/www/html/fillstorship/vendor/laravel/framework/src/Illuminate/Database/Connection.php(624): Illuminate\\Database\\Connection->runQueryCallback('insert into `sh...', Array, Object(Closure))
#1 /var/www/html/fillstorship/vendor/laravel/framework/src/Illuminate/Database/Connection.php(459): Illuminate\\Database\\Connection->run('insert into `sh...', Array, Object(Closure))
#2 /var/www/html/fillstorship/vendor/laravel/framework/src/Illuminate/Database/Connection.php(411): Illuminate\\Database\\Connection->statement('insert into `sh...', Array)
#3 /var/www/html/fillstorship/vendor/laravel/framework/src/Illuminate/Database/Query/Processors/Processor.php(32): Illuminate\\Database\\Connection->insert('insert into `sh...', Array)
#4 /var/www/html/fillstorship/vendor/laravel/framework/src/Illuminate/Database/Query/Builder.php(2690): Illuminate\\Database\\Query\\Processors\\Processor->processInsertGetId(Object(Illuminate\\Database\\Query\\Builder), 'insert into `sh...', Array, 'id')
#5 /var/www/html/fillstorship/vendor/laravel/framework/src/Illuminate/Database/Eloquent/Builder.php(1353): Illuminate\\Database\\Query\\Builder->insertGetId(Array, 'id')
#6 /var/www/html/fillstorship/vendor/laravel/framework/src/Illuminate/Database/Eloquent/Model.php(839): Illuminate\\Database\\Eloquent\\Builder->__call('insertGetId', Array)
#7 /var/www/html/fillstorship/vendor/laravel/framework/src/Illuminate/Database/Eloquent/Model.php(804): Illuminate\\Database\\Eloquent\\Model->insertAndSetId(Object(Illuminate\\Database\\Eloquent\\Builder), Array)
#8 /var/www/html/fillstorship/vendor/laravel/framework/src/Illuminate/Database/Eloquent/Model.php(667): Illuminate\\Database\\Eloquent\\Model->performInsert(Object(Illuminate\\Database\\Eloquent\\Builder))
#9 /var/www/html/fillstorship/app/Http/Controllers/ShipmentsController.php(845): Illuminate\\Database\\Eloquent\\Model->save()
#10 [internal function]: App\\Http\\Controllers\\ShipmentsController->store(Object(Illuminate\\Http\\Request))
#11 /var/www/html/fillstorship/vendor/laravel/framework/src/Illuminate/Routing/Controller.php(54): call_user_func_array(Array, Array)
#12 /var/www/html/fillstorship/vendor/laravel/framework/src/Illuminate/Routing/ControllerDispatcher.php(45): Illuminate\\Routing\\Controller->callAction('store', Array)
#13 /var/www/html/fillstorship/vendor/laravel/framework/src/Illuminate/Routing/Route.php(219): Illuminate\\Routing\\ControllerDispatcher->dispatch(Object(Illuminate\\Routing\\Route), Object(App\\Http\\Controllers\\ShipmentsController), 'store')
#14 /var/www/html/fillstorship/vendor/laravel/framework/src/Illuminate/Routing/Route.php(176): Illuminate\\Routing\\Route->runController()
#15 /var/www/html/fillstorship/vendor/laravel/framework/src/Illuminate/Routing/Router.php(680): Illuminate\\Routing\\Route->run()
#16 /var/www/html/fillstorship/vendor/laravel/framework/src/Illuminate/Routing/Pipeline.php(30): Illuminate\\Routing\\Router->Illuminate\\Routing\\{closure}(Object(Illuminate\\Http\\Request))
#17 /var/www/html/fillstorship/app/Http/Middleware/Impersonate.php(25): Illuminate\\Routing\\Pipeline->Illuminate\\Routing\\{closure}(Object(Illuminate\\Http\\Request))
#18 /var/www/html/fillstorship/vendor/laravel/framework/src/Illuminate/Pipeline/Pipeline.php(163): App\\Http\\Middleware\\Impersonate->handle(Object(Illuminate\\Http\\Request), Object(Closure))
#19 /var/www/html/fillstorship/vendor/laravel/framework/src/Illuminate/Routing/Pipeline.php(53): Illuminate\\Pipeline\\Pipeline->Illuminate\\Pipeline\\{closure}(Object(Illuminate\\Http\\Request))
#20 /var/www/html/fillstorship/vendor/laravel/framework/src/Illuminate/Routing/Middleware/SubstituteBindings.php(41): Illuminate\\Routing\\Pipeline->Illuminate\\Routing\\{closure}(Object(Illuminate\\Http\\Request))
#21 /var/www/html/fillstorship/vendor/laravel/framework/src/Illuminate/Pipeline/Pipeline.php(163): Illuminate\\Routing\\Middleware\\SubstituteBindings->handle(Object(Illuminate\\Http\\Request), Object(Closure))
#22 /var/www/html/fillstorship/vendor/laravel/framework/src/Illuminate/Routing/Pipeline.php(53): Illuminate\\Pipeline\\Pipeline->Illuminate\\Pipeline\\{closure}(Object(Illuminate\\Http\\Request))
#23 /var/www/html/fillstorship/vendor/laravel/framework/src/Illuminate/Foundation/Http/Middleware/VerifyCsrfToken.php(75): Illuminate\\Routing\\Pipeline->Illuminate\\Routing\\{closure}(Object(Illuminate\\Http\\Request))
#24 /var/www/html/fillstorship/vendor/laravel/framework/src/Illuminate/Pipeline/Pipeline.php(163): Illuminate\\Foundation\\Http\\Middleware\\VerifyCsrfToken->handle(Object(Illuminate\\Http\\Request), Object(Closure))
#25 /var/www/html/fillstorship/vendor/laravel/framework/src/Illuminate/Routing/Pipeline.php(53): Illuminate\\Pipeline\\Pipeline->Illuminate\\Pipeline\\{closure}(Object(Illuminate\\Http\\Request))
#26 /var/www/html/fillstorship/vendor/laravel/framework/src/Illuminate/View/Middleware/ShareErrorsFromSession.php(49): Illuminate\\Routing\\Pipeline->Illuminate\\Routing\\{closure}(Object(Illuminate\\Http\\Request))
#27 /var/www/html/fillstorship/vendor/laravel/framework/src/Illuminate/Pipeline/Pipeline.php(163): Illuminate\\View\\Middleware\\ShareErrorsFromSession->handle(Object(Illuminate\\Http\\Request), Object(Closure))
#28 /var/www/html/fillstorship/vendor/laravel/framework/src/Illuminate/Routing/Pipeline.php(53): Illuminate\\Pipeline\\Pipeline->Illuminate\\Pipeline\\{closure}(Object(Illuminate\\Http\\Request))
#29 /var/www/html/fillstorship/vendor/laravel/framework/src/Illuminate/Session/Middleware/StartSession.php(56): Illuminate\\Routing\\Pipeline->Illuminate\\Routing\\{closure}(Object(Illuminate\\Http\\Request))
#30 /var/www/html/fillstorship/vendor/laravel/framework/src/Illuminate/Pipeline/Pipeline.php(163): Illuminate\\Session\\Middleware\\StartSession->handle(Object(Illuminate\\Http\\Request), Object(Closure))
#31 /var/www/html/fillstorship/vendor/laravel/framework/src/Illuminate/Routing/Pipeline.php(53): Illuminate\\Pipeline\\Pipeline->Illuminate\\Pipeline\\{closure}(Object(Illuminate\\Http\\Request))
#32 /var/www/html/fillstorship/vendor/laravel/framework/src/Illuminate/Cookie/Middleware/AddQueuedCookiesToResponse.php(37): Illuminate\\Routing\\Pipeline->Illuminate\\Routing\\{closure}(Object(Illuminate\\Http\\Request))
#33 /var/www/html/fillstorship/vendor/laravel/framework/src/Illuminate/Pipeline/Pipeline.php(163): Illuminate\\Cookie\\Middleware\\AddQueuedCookiesToResponse->handle(Object(Illuminate\\Http\\Request), Object(Closure))
#34 /var/www/html/fillstorship/vendor/laravel/framework/src/Illuminate/Routing/Pipeline.php(53): Illuminate\\Pipeline\\Pipeline->Illuminate\\Pipeline\\{closure}(Object(Illuminate\\Http\\Request))
#35 /var/www/html/fillstorship/vendor/laravel/framework/src/Illuminate/Cookie/Middleware/EncryptCookies.php(66): Illuminate\\Routing\\Pipeline->Illuminate\\Routing\\{closure}(Object(Illuminate\\Http\\Request))
#36 /var/www/html/fillstorship/vendor/laravel/framework/src/Illuminate/Pipeline/Pipeline.php(163): Illuminate\\Cookie\\Middleware\\EncryptCookies->handle(Object(Illuminate\\Http\\Request), Object(Closure))
#37 /var/www/html/fillstorship/vendor/laravel/framework/src/Illuminate/Routing/Pipeline.php(53): Illuminate\\Pipeline\\Pipeline->Illuminate\\Pipeline\\{closure}(Object(Illuminate\\Http\\Request))
#38 /var/www/html/fillstorship/vendor/laravel/framework/src/Illuminate/Pipeline/Pipeline.php(104): Illuminate\\Routing\\Pipeline->Illuminate\\Routing\\{closure}(Object(Illuminate\\Http\\Request))
#39 /var/www/html/fillstorship/vendor/laravel/framework/src/Illuminate/Routing/Router.php(682): Illuminate\\Pipeline\\Pipeline->then(Object(Closure))
#40 /var/www/html/fillstorship/vendor/laravel/framework/src/Illuminate/Routing/Router.php(657): Illuminate\\Routing\\Router->runRouteWithinStack(Object(Illuminate\\Routing\\Route), Object(Illuminate\\Http\\Request))
#41 /var/www/html/fillstorship/vendor/laravel/framework/src/Illuminate/Routing/Router.php(623): Illuminate\\Routing\\Router->runRoute(Object(Illuminate\\Http\\Request), Object(Illuminate\\Routing\\Route))
#42 /var/www/html/fillstorship/vendor/laravel/framework/src/Illuminate/Routing/Router.php(612): Illuminate\\Routing\\Router->dispatchToRoute(Object(Illuminate\\Http\\Request))
#43 /var/www/html/fillstorship/vendor/laravel/framework/src/Illuminate/Foundation/Http/Kernel.php(176): Illuminate\\Routing\\Router->dispatch(Object(Illuminate\\Http\\Request))
#44 /var/www/html/fillstorship/vendor/laravel/framework/src/Illuminate/Routing/Pipeline.php(30): Illuminate\\Foundation\\Http\\Kernel->Illuminate\\Foundation\\Http\\{closure}(Object(Illuminate\\Http\\Request))
#45 /var/www/html/fillstorship/vendor/fideloper/proxy/src/TrustProxies.php(57): Illuminate\\Routing\\Pipeline->Illuminate\\Routing\\{closure}(Object(Illuminate\\Http\\Request))
#46 /var/www/html/fillstorship/vendor/laravel/framework/src/Illuminate/Pipeline/Pipeline.php(163): Fideloper\\Proxy\\TrustProxies->handle(Object(Illuminate\\Http\\Request), Object(Closure))
#47 /var/www/html/fillstorship/vendor/laravel/framework/src/Illuminate/Routing/Pipeline.php(53): Illuminate\\Pipeline\\Pipeline->Illuminate\\Pipeline\\{closure}(Object(Illuminate\\Http\\Request))
#48 /var/www/html/fillstorship/vendor/laravel/framework/src/Illuminate/Foundation/Http/Middleware/TransformsRequest.php(21): Illuminate\\Routing\\Pipeline->Illuminate\\Routing\\{closure}(Object(Illuminate\\Http\\Request))
#49 /var/www/html/fillstorship/vendor/laravel/framework/src/Illuminate/Pipeline/Pipeline.php(163): Illuminate\\Foundation\\Http\\Middleware\\TransformsRequest->handle(Object(Illuminate\\Http\\Request), Object(Closure))
#50 /var/www/html/fillstorship/vendor/laravel/framework/src/Illuminate/Routing/Pipeline.php(53): Illuminate\\Pipeline\\Pipeline->Illuminate\\Pipeline\\{closure}(Object(Illuminate\\Http\\Request))
#51 /var/www/html/fillstorship/vendor/laravel/framework/src/Illuminate/Foundation/Http/Middleware/TransformsRequest.php(21): Illuminate\\Routing\\Pipeline->Illuminate\\Routing\\{closure}(Object(Illuminate\\Http\\Request))
#52 /var/www/html/fillstorship/vendor/laravel/framework/src/Illuminate/Pipeline/Pipeline.php(163): Illuminate\\Foundation\\Http\\Middleware\\TransformsRequest->handle(Object(Illuminate\\Http\\Request), Object(Closure))
#53 /var/www/html/fillstorship/vendor/laravel/framework/src/Illuminate/Routing/Pipeline.php(53): Illuminate\\Pipeline\\Pipeline->Illuminate\\Pipeline\\{closure}(Object(Illuminate\\Http\\Request))
#54 /var/www/html/fillstorship/vendor/laravel/framework/src/Illuminate/Foundation/Http/Middleware/ValidatePostSize.php(27): Illuminate\\Routing\\Pipeline->Illuminate\\Routing\\{closure}(Object(Illuminate\\Http\\Request))
#55 /var/www/html/fillstorship/vendor/laravel/framework/src/Illuminate/Pipeline/Pipeline.php(163): Illuminate\\Foundation\\Http\\Middleware\\ValidatePostSize->handle(Object(Illuminate\\Http\\Request), Object(Closure))
#56 /var/www/html/fillstorship/vendor/laravel/framework/src/Illuminate/Routing/Pipeline.php(53): Illuminate\\Pipeline\\Pipeline->Illuminate\\Pipeline\\{closure}(Object(Illuminate\\Http\\Request))
#57 /var/www/html/fillstorship/vendor/laravel/framework/src/Illuminate/Foundation/Http/Middleware/CheckForMaintenanceMode.php(62): Illuminate\\Routing\\Pipeline->Illuminate\\Routing\\{closure}(Object(Illuminate\\Http\\Request))
#58 /var/www/html/fillstorship/vendor/laravel/framework/src/Illuminate/Pipeline/Pipeline.php(163): Illuminate\\Foundation\\Http\\Middleware\\CheckForMaintenanceMode->handle(Object(Illuminate\\Http\\Request), Object(Closure))
#59 /var/www/html/fillstorship/vendor/laravel/framework/src/Illuminate/Routing/Pipeline.php(53): Illuminate\\Pipeline\\Pipeline->Illuminate\\Pipeline\\{closure}(Object(Illuminate\\Http\\Request))
#60 /var/www/html/fillstorship/vendor/laravel/framework/src/Illuminate/Pipeline/Pipeline.php(104): Illuminate\\Routing\\Pipeline->Illuminate\\Routing\\{closure}(Object(Illuminate\\Http\\Request))
#61 /var/www/html/fillstorship/vendor/laravel/framework/src/Illuminate/Foundation/Http/Kernel.php(151): Illuminate\\Pipeline\\Pipeline->then(Object(Closure))
#62 /var/www/html/fillstorship/vendor/laravel/framework/src/Illuminate/Foundation/Http/Kernel.php(116): Illuminate\\Foundation\\Http\\Kernel->sendRequestThroughRouter(Object(Illuminate\\Http\\Request))
#63 /var/www/html/fillstorship/public/index.php(55): Illuminate\\Foundation\\Http\\Kernel->handle(Object(Illuminate\\Http\\Request))
#64 {main}
"} 
[2019-10-10 13:50:28] production.ERROR: SQLSTATE[23000]: Integrity constraint violation: 1048 Column 'prod_value' cannot be null (SQL: insert into `ship_wk_tbl` (`user_id`, `pro_no`, `pu_no`, `po_no`, `barcode`, `carrier`, `work_status`, `orig_company`, `orig_address_01`, `orig_address_02`, `orig_city`, `orig_zip`, `orig_state`, `orig_cont_name`, `orig_cont_phone`, `orig_cont_email`, `orig_pickup_date`, `orig_type`, `orig_dock`, `orig_frklft`, `orig_flrstk`, `orig_inside`, `orig_lfgt`, `orig_notes`, `dest_company`, `dest_address_01`, `dest_address_02`, `dest_city`, `dest_zip`, `dest_state`, `dest_cont_name`, `dest_cont_phone`, `dest_cont_email`, `dest_pickup_date`, `dest_type`, `dest_frklft`, `dest_dock`, `dest_inside`, `dest_lfgt`, `dest_app_req`, `dest_notes`, `prod_type`, `prod_desc`, `prod_value`, `prod_hazard`, `prod_stackable`, `no_of_pallets`, `weight_per_pallet`, `tot_load_wt`, `pallet_width`, `pallet_length`, `pallet_height`, `freight_class`, `load_strap`, `load_blck`, `pal_area`, `tot_area`, `max_pal_wt`, `max_load`, `max_width`, `max_length`, `max_height`, `ext_wght`, `sm_pall_chg`, `mult_sm_pal_cost`, `sing_pal_cost`, `mult_pal_cost`, `wt_chg`, `pall_disc`, `pall_disc_cst`, `tot_load_cost`, `updated_at`, `created_at`) values (68, 0, 0, 0, 0, 0, In Progress, Berkley International, 2725 E El Presidio Street, N/A, Carson, 90810, CA, Brett Berkley, 3109001771, brett@goberkley.com, 2019-10-11, Commercial, Yes, Yes, No, No, No, N/A, Greenbar Distillery, 2459 E 8th Street, N/A, Los Angeles, 90021, CA, Bill Auxier, 6302090378, bill@greenbar.biz, 2019-10-11, Commercial, Yes, No, No, No, No, N/A, Pallet, N/A, ?, No, No, 3, 454, 1362, 48, 40, 84, 50, No, No, 13.333333333333, 40, Go, Go, Go, Go, Go, 0, 0, 0, 68.33, 204.99, 0.00, 0.4, 27.33, 124.36, 2019-10-10 13:50:28, 2019-10-10 13:50:28)) {"userId":68,"exception":"[object] (Illuminate\\Database\\QueryException(code: 23000): SQLSTATE[23000]: Integrity constraint violation: 1048 Column 'prod_value' cannot be null (SQL: insert into `ship_wk_tbl` (`user_id`, `pro_no`, `pu_no`, `po_no`, `barcode`, `carrier`, `work_status`, `orig_company`, `orig_address_01`, `orig_address_02`, `orig_city`, `orig_zip`, `orig_state`, `orig_cont_name`, `orig_cont_phone`, `orig_cont_email`, `orig_pickup_date`, `orig_type`, `orig_dock`, `orig_frklft`, `orig_flrstk`, `orig_inside`, `orig_lfgt`, `orig_notes`, `dest_company`, `dest_address_01`, `dest_address_02`, `dest_city`, `dest_zip`, `dest_state`, `dest_cont_name`, `dest_cont_phone`, `dest_cont_email`, `dest_pickup_date`, `dest_type`, `dest_frklft`, `dest_dock`, `dest_inside`, `dest_lfgt`, `dest_app_req`, `dest_notes`, `prod_type`, `prod_desc`, `prod_value`, `prod_hazard`, `prod_stackable`, `no_of_pallets`, `weight_per_pallet`, `tot_load_wt`, `pallet_width`, `pallet_length`, `pallet_height`, `freight_class`, `load_strap`, `load_blck`, `pal_area`, `tot_area`, `max_pal_wt`, `max_load`, `max_width`, `max_length`, `max_height`, `ext_wght`, `sm_pall_chg`, `mult_sm_pal_cost`, `sing_pal_cost`, `mult_pal_cost`, `wt_chg`, `pall_disc`, `pall_disc_cst`, `tot_load_cost`, `updated_at`, `created_at`) values (68, 0, 0, 0, 0, 0, In Progress, Berkley International, 2725 E El Presidio Street, N/A, Carson, 90810, CA, Brett Berkley, 3109001771, brett@goberkley.com, 2019-10-11, Commercial, Yes, Yes, No, No, No, N/A, Greenbar Distillery, 2459 E 8th Street, N/A, Los Angeles, 90021, CA, Bill Auxier, 6302090378, bill@greenbar.biz, 2019-10-11, Commercial, Yes, No, No, No, No, N/A, Pallet, N/A, ?, No, No, 3, 454, 1362, 48, 40, 84, 50, No, No, 13.333333333333, 40, Go, Go, Go, Go, Go, 0, 0, 0, 68.33, 204.99, 0.00, 0.4, 27.33, 124.36, 2019-10-10 13:50:28, 2019-10-10 13:50:28)) at /var/www/html/fillstorship/vendor/laravel/framework/src/Illuminate/Database/Connection.php:664, PDOException(code: 23000): SQLSTATE[23000]: Integrity constraint violation: 1048 Column 'prod_value' cannot be null at /var/www/html/fillstorship/vendor/laravel/framework/src/Illuminate/Database/Connection.php:458)
[stacktrace]
#0 /var/www/html/fillstorship/vendor/laravel/framework/src/Illuminate/Database/Connection.php(624): Illuminate\\Database\\Connection->runQueryCallback('insert into `sh...', Array, Object(Closure))
#1 /var/www/html/fillstorship/vendor/laravel/framework/src/Illuminate/Database/Connection.php(459): Illuminate\\Database\\Connection->run('insert into `sh...', Array, Object(Closure))
#2 /var/www/html/fillstorship/vendor/laravel/framework/src/Illuminate/Database/Connection.php(411): Illuminate\\Database\\Connection->statement('insert into `sh...', Array)
#3 /var/www/html/fillstorship/vendor/laravel/framework/src/Illuminate/Database/Query/Processors/Processor.php(32): Illuminate\\Database\\Connection->insert('insert into `sh...', Array)
#4 /var/www/html/fillstorship/vendor/laravel/framework/src/Illuminate/Database/Query/Builder.php(2690): Illuminate\\Database\\Query\\Processors\\Processor->processInsertGetId(Object(Illuminate\\Database\\Query\\Builder), 'insert into `sh...', Array, 'id')
#5 /var/www/html/fillstorship/vendor/laravel/framework/src/Illuminate/Database/Eloquent/Builder.php(1353): Illuminate\\Database\\Query\\Builder->insertGetId(Array, 'id')
#6 /var/www/html/fillstorship/vendor/laravel/framework/src/Illuminate/Database/Eloquent/Model.php(839): Illuminate\\Database\\Eloquent\\Builder->__call('insertGetId', Array)
#7 /var/www/html/fillstorship/vendor/laravel/framework/src/Illuminate/Database/Eloquent/Model.php(804): Illuminate\\Database\\Eloquent\\Model->insertAndSetId(Object(Illuminate\\Database\\Eloquent\\Builder), Array)
#8 /var/www/html/fillstorship/vendor/laravel/framework/src/Illuminate/Database/Eloquent/Model.php(667): Illuminate\\Database\\Eloquent\\Model->performInsert(Object(Illuminate\\Database\\Eloquent\\Builder))
#9 /var/www/html/fillstorship/app/Http/Controllers/ShipmentsController.php(845): Illuminate\\Database\\Eloquent\\Model->save()
#10 [internal function]: App\\Http\\Controllers\\ShipmentsController->store(Object(Illuminate\\Http\\Request))
#11 /var/www/html/fillstorship/vendor/laravel/framework/src/Illuminate/Routing/Controller.php(54): call_user_func_array(Array, Array)
#12 /var/www/html/fillstorship/vendor/laravel/framework/src/Illuminate/Routing/ControllerDispatcher.php(45): Illuminate\\Routing\\Controller->callAction('store', Array)
#13 /var/www/html/fillstorship/vendor/laravel/framework/src/Illuminate/Routing/Route.php(219): Illuminate\\Routing\\ControllerDispatcher->dispatch(Object(Illuminate\\Routing\\Route), Object(App\\Http\\Controllers\\ShipmentsController), 'store')
#14 /var/www/html/fillstorship/vendor/laravel/framework/src/Illuminate/Routing/Route.php(176): Illuminate\\Routing\\Route->runController()
#15 /var/www/html/fillstorship/vendor/laravel/framework/src/Illuminate/Routing/Router.php(680): Illuminate\\Routing\\Route->run()
#16 /var/www/html/fillstorship/vendor/laravel/framework/src/Illuminate/Routing/Pipeline.php(30): Illuminate\\Routing\\Router->Illuminate\\Routing\\{closure}(Object(Illuminate\\Http\\Request))
#17 /var/www/html/fillstorship/app/Http/Middleware/Impersonate.php(25): Illuminate\\Routing\\Pipeline->Illuminate\\Routing\\{closure}(Object(Illuminate\\Http\\Request))
#18 /var/www/html/fillstorship/vendor/laravel/framework/src/Illuminate/Pipeline/Pipeline.php(163): App\\Http\\Middleware\\Impersonate->handle(Object(Illuminate\\Http\\Request), Object(Closure))
#19 /var/www/html/fillstorship/vendor/laravel/framework/src/Illuminate/Routing/Pipeline.php(53): Illuminate\\Pipeline\\Pipeline->Illuminate\\Pipeline\\{closure}(Object(Illuminate\\Http\\Request))
#20 /var/www/html/fillstorship/vendor/laravel/framework/src/Illuminate/Routing/Middleware/SubstituteBindings.php(41): Illuminate\\Routing\\Pipeline->Illuminate\\Routing\\{closure}(Object(Illuminate\\Http\\Request))
#21 /var/www/html/fillstorship/vendor/laravel/framework/src/Illuminate/Pipeline/Pipeline.php(163): Illuminate\\Routing\\Middleware\\SubstituteBindings->handle(Object(Illuminate\\Http\\Request), Object(Closure))
#22 /var/www/html/fillstorship/vendor/laravel/framework/src/Illuminate/Routing/Pipeline.php(53): Illuminate\\Pipeline\\Pipeline->Illuminate\\Pipeline\\{closure}(Object(Illuminate\\Http\\Request))
#23 /var/www/html/fillstorship/vendor/laravel/framework/src/Illuminate/Foundation/Http/Middleware/VerifyCsrfToken.php(75): Illuminate\\Routing\\Pipeline->Illuminate\\Routing\\{closure}(Object(Illuminate\\Http\\Request))
#24 /var/www/html/fillstorship/vendor/laravel/framework/src/Illuminate/Pipeline/Pipeline.php(163): Illuminate\\Foundation\\Http\\Middleware\\VerifyCsrfToken->handle(Object(Illuminate\\Http\\Request), Object(Closure))
#25 /var/www/html/fillstorship/vendor/laravel/framework/src/Illuminate/Routing/Pipeline.php(53): Illuminate\\Pipeline\\Pipeline->Illuminate\\Pipeline\\{closure}(Object(Illuminate\\Http\\Request))
#26 /var/www/html/fillstorship/vendor/laravel/framework/src/Illuminate/View/Middleware/ShareErrorsFromSession.php(49): Illuminate\\Routing\\Pipeline->Illuminate\\Routing\\{closure}(Object(Illuminate\\Http\\Request))
#27 /var/www/html/fillstorship/vendor/laravel/framework/src/Illuminate/Pipeline/Pipeline.php(163): Illuminate\\View\\Middleware\\ShareErrorsFromSession->handle(Object(Illuminate\\Http\\Request), Object(Closure))
#28 /var/www/html/fillstorship/vendor/laravel/framework/src/Illuminate/Routing/Pipeline.php(53): Illuminate\\Pipeline\\Pipeline->Illuminate\\Pipeline\\{closure}(Object(Illuminate\\Http\\Request))
#29 /var/www/html/fillstorship/vendor/laravel/framework/src/Illuminate/Session/Middleware/StartSession.php(56): Illuminate\\Routing\\Pipeline->Illuminate\\Routing\\{closure}(Object(Illuminate\\Http\\Request))
#30 /var/www/html/fillstorship/vendor/laravel/framework/src/Illuminate/Pipeline/Pipeline.php(163): Illuminate\\Session\\Middleware\\StartSession->handle(Object(Illuminate\\Http\\Request), Object(Closure))
#31 /var/www/html/fillstorship/vendor/laravel/framework/src/Illuminate/Routing/Pipeline.php(53): Illuminate\\Pipeline\\Pipeline->Illuminate\\Pipeline\\{closure}(Object(Illuminate\\Http\\Request))
#32 /var/www/html/fillstorship/vendor/laravel/framework/src/Illuminate/Cookie/Middleware/AddQueuedCookiesToResponse.php(37): Illuminate\\Routing\\Pipeline->Illuminate\\Routing\\{closure}(Object(Illuminate\\Http\\Request))
#33 /var/www/html/fillstorship/vendor/laravel/framework/src/Illuminate/Pipeline/Pipeline.php(163): Illuminate\\Cookie\\Middleware\\AddQueuedCookiesToResponse->handle(Object(Illuminate\\Http\\Request), Object(Closure))
#34 /var/www/html/fillstorship/vendor/laravel/framework/src/Illuminate/Routing/Pipeline.php(53): Illuminate\\Pipeline\\Pipeline->Illuminate\\Pipeline\\{closure}(Object(Illuminate\\Http\\Request))
#35 /var/www/html/fillstorship/vendor/laravel/framework/src/Illuminate/Cookie/Middleware/EncryptCookies.php(66): Illuminate\\Routing\\Pipeline->Illuminate\\Routing\\{closure}(Object(Illuminate\\Http\\Request))
#36 /var/www/html/fillstorship/vendor/laravel/framework/src/Illuminate/Pipeline/Pipeline.php(163): Illuminate\\Cookie\\Middleware\\EncryptCookies->handle(Object(Illuminate\\Http\\Request), Object(Closure))
#37 /var/www/html/fillstorship/vendor/laravel/framework/src/Illuminate/Routing/Pipeline.php(53): Illuminate\\Pipeline\\Pipeline->Illuminate\\Pipeline\\{closure}(Object(Illuminate\\Http\\Request))
#38 /var/www/html/fillstorship/vendor/laravel/framework/src/Illuminate/Pipeline/Pipeline.php(104): Illuminate\\Routing\\Pipeline->Illuminate\\Routing\\{closure}(Object(Illuminate\\Http\\Request))
#39 /var/www/html/fillstorship/vendor/laravel/framework/src/Illuminate/Routing/Router.php(682): Illuminate\\Pipeline\\Pipeline->then(Object(Closure))
#40 /var/www/html/fillstorship/vendor/laravel/framework/src/Illuminate/Routing/Router.php(657): Illuminate\\Routing\\Router->runRouteWithinStack(Object(Illuminate\\Routing\\Route), Object(Illuminate\\Http\\Request))
#41 /var/www/html/fillstorship/vendor/laravel/framework/src/Illuminate/Routing/Router.php(623): Illuminate\\Routing\\Router->runRoute(Object(Illuminate\\Http\\Request), Object(Illuminate\\Routing\\Route))
#42 /var/www/html/fillstorship/vendor/laravel/framework/src/Illuminate/Routing/Router.php(612): Illuminate\\Routing\\Router->dispatchToRoute(Object(Illuminate\\Http\\Request))
#43 /var/www/html/fillstorship/vendor/laravel/framework/src/Illuminate/Foundation/Http/Kernel.php(176): Illuminate\\Routing\\Router->dispatch(Object(Illuminate\\Http\\Request))
#44 /var/www/html/fillstorship/vendor/laravel/framework/src/Illuminate/Routing/Pipeline.php(30): Illuminate\\Foundation\\Http\\Kernel->Illuminate\\Foundation\\Http\\{closure}(Object(Illuminate\\Http\\Request))
#45 /var/www/html/fillstorship/vendor/fideloper/proxy/src/TrustProxies.php(57): Illuminate\\Routing\\Pipeline->Illuminate\\Routing\\{closure}(Object(Illuminate\\Http\\Request))
#46 /var/www/html/fillstorship/vendor/laravel/framework/src/Illuminate/Pipeline/Pipeline.php(163): Fideloper\\Proxy\\TrustProxies->handle(Object(Illuminate\\Http\\Request), Object(Closure))
#47 /var/www/html/fillstorship/vendor/laravel/framework/src/Illuminate/Routing/Pipeline.php(53): Illuminate\\Pipeline\\Pipeline->Illuminate\\Pipeline\\{closure}(Object(Illuminate\\Http\\Request))
#48 /var/www/html/fillstorship/vendor/laravel/framework/src/Illuminate/Foundation/Http/Middleware/TransformsRequest.php(21): Illuminate\\Routing\\Pipeline->Illuminate\\Routing\\{closure}(Object(Illuminate\\Http\\Request))
#49 /var/www/html/fillstorship/vendor/laravel/framework/src/Illuminate/Pipeline/Pipeline.php(163): Illuminate\\Foundation\\Http\\Middleware\\TransformsRequest->handle(Object(Illuminate\\Http\\Request), Object(Closure))
#50 /var/www/html/fillstorship/vendor/laravel/framework/src/Illuminate/Routing/Pipeline.php(53): Illuminate\\Pipeline\\Pipeline->Illuminate\\Pipeline\\{closure}(Object(Illuminate\\Http\\Request))
#51 /var/www/html/fillstorship/vendor/laravel/framework/src/Illuminate/Foundation/Http/Middleware/TransformsRequest.php(21): Illuminate\\Routing\\Pipeline->Illuminate\\Routing\\{closure}(Object(Illuminate\\Http\\Request))
#52 /var/www/html/fillstorship/vendor/laravel/framework/src/Illuminate/Pipeline/Pipeline.php(163): Illuminate\\Foundation\\Http\\Middleware\\TransformsRequest->handle(Object(Illuminate\\Http\\Request), Object(Closure))
#53 /var/www/html/fillstorship/vendor/laravel/framework/src/Illuminate/Routing/Pipeline.php(53): Illuminate\\Pipeline\\Pipeline->Illuminate\\Pipeline\\{closure}(Object(Illuminate\\Http\\Request))
#54 /var/www/html/fillstorship/vendor/laravel/framework/src/Illuminate/Foundation/Http/Middleware/ValidatePostSize.php(27): Illuminate\\Routing\\Pipeline->Illuminate\\Routing\\{closure}(Object(Illuminate\\Http\\Request))
#55 /var/www/html/fillstorship/vendor/laravel/framework/src/Illuminate/Pipeline/Pipeline.php(163): Illuminate\\Foundation\\Http\\Middleware\\ValidatePostSize->handle(Object(Illuminate\\Http\\Request), Object(Closure))
#56 /var/www/html/fillstorship/vendor/laravel/framework/src/Illuminate/Routing/Pipeline.php(53): Illuminate\\Pipeline\\Pipeline->Illuminate\\Pipeline\\{closure}(Object(Illuminate\\Http\\Request))
#57 /var/www/html/fillstorship/vendor/laravel/framework/src/Illuminate/Foundation/Http/Middleware/CheckForMaintenanceMode.php(62): Illuminate\\Routing\\Pipeline->Illuminate\\Routing\\{closure}(Object(Illuminate\\Http\\Request))
#58 /var/www/html/fillstorship/vendor/laravel/framework/src/Illuminate/Pipeline/Pipeline.php(163): Illuminate\\Foundation\\Http\\Middleware\\CheckForMaintenanceMode->handle(Object(Illuminate\\Http\\Request), Object(Closure))
#59 /var/www/html/fillstorship/vendor/laravel/framework/src/Illuminate/Routing/Pipeline.php(53): Illuminate\\Pipeline\\Pipeline->Illuminate\\Pipeline\\{closure}(Object(Illuminate\\Http\\Request))
#60 /var/www/html/fillstorship/vendor/laravel/framework/src/Illuminate/Pipeline/Pipeline.php(104): Illuminate\\Routing\\Pipeline->Illuminate\\Routing\\{closure}(Object(Illuminate\\Http\\Request))
#61 /var/www/html/fillstorship/vendor/laravel/framework/src/Illuminate/Foundation/Http/Kernel.php(151): Illuminate\\Pipeline\\Pipeline->then(Object(Closure))
#62 /var/www/html/fillstorship/vendor/laravel/framework/src/Illuminate/Foundation/Http/Kernel.php(116): Illuminate\\Foundation\\Http\\Kernel->sendRequestThroughRouter(Object(Illuminate\\Http\\Request))
#63 /var/www/html/fillstorship/public/index.php(55): Illuminate\\Foundation\\Http\\Kernel->handle(Object(Illuminate\\Http\\Request))
#64 {main}
"} 
[2019-10-10 14:06:19] production.ERROR: SQLSTATE[23000]: Integrity constraint violation: 1048 Column 'prod_value' cannot be null (SQL: insert into `ship_wk_tbl` (`user_id`, `pro_no`, `pu_no`, `po_no`, `barcode`, `carrier`, `work_status`, `orig_company`, `orig_address_01`, `orig_address_02`, `orig_city`, `orig_zip`, `orig_state`, `orig_cont_name`, `orig_cont_phone`, `orig_cont_email`, `orig_pickup_date`, `orig_type`, `orig_dock`, `orig_frklft`, `orig_flrstk`, `orig_inside`, `orig_lfgt`, `orig_notes`, `dest_company`, `dest_address_01`, `dest_address_02`, `dest_city`, `dest_zip`, `dest_state`, `dest_cont_name`, `dest_cont_phone`, `dest_cont_email`, `dest_pickup_date`, `dest_type`, `dest_frklft`, `dest_dock`, `dest_inside`, `dest_lfgt`, `dest_app_req`, `dest_notes`, `prod_type`, `prod_desc`, `prod_value`, `prod_hazard`, `prod_stackable`, `no_of_pallets`, `weight_per_pallet`, `tot_load_wt`, `pallet_width`, `pallet_length`, `pallet_height`, `freight_class`, `load_strap`, `load_blck`, `pal_area`, `tot_area`, `max_pal_wt`, `max_load`, `max_width`, `max_length`, `max_height`, `ext_wght`, `sm_pall_chg`, `mult_sm_pal_cost`, `sing_pal_cost`, `mult_pal_cost`, `wt_chg`, `pall_disc`, `pall_disc_cst`, `tot_load_cost`, `updated_at`, `created_at`) values (68, 0, 0, 0, 0, 0, In Progress, Berkley International, 2725 E El Presidio Street, N/A, Carson, 90810, CA, Brett Berkley, 3109001771, brett@goberkley.com, 2019-10-11, Commercial, Yes, Yes, No, No, No, N/A, Greenbar Distillery, 2459 E 8th Street, N/A, Los Angeles, 90021, CA, Bill Auxier, 6302090378, bill@greenbar.biz, 2019-10-11, Commercial, Yes, No, No, No, No, N/A, Pallet, N/A, ?, No, No, 3, 454, 1362, 48, 40, 84, 50, No, No, 13.333333333333, 40, Go, Go, Go, Go, Go, 0, 0, 0, 68.33, 204.99, 0.00, 0.4, 27.33, 124.36, 2019-10-10 14:06:19, 2019-10-10 14:06:19)) {"userId":68,"exception":"[object] (Illuminate\\Database\\QueryException(code: 23000): SQLSTATE[23000]: Integrity constraint violation: 1048 Column 'prod_value' cannot be null (SQL: insert into `ship_wk_tbl` (`user_id`, `pro_no`, `pu_no`, `po_no`, `barcode`, `carrier`, `work_status`, `orig_company`, `orig_address_01`, `orig_address_02`, `orig_city`, `orig_zip`, `orig_state`, `orig_cont_name`, `orig_cont_phone`, `orig_cont_email`, `orig_pickup_date`, `orig_type`, `orig_dock`, `orig_frklft`, `orig_flrstk`, `orig_inside`, `orig_lfgt`, `orig_notes`, `dest_company`, `dest_address_01`, `dest_address_02`, `dest_city`, `dest_zip`, `dest_state`, `dest_cont_name`, `dest_cont_phone`, `dest_cont_email`, `dest_pickup_date`, `dest_type`, `dest_frklft`, `dest_dock`, `dest_inside`, `dest_lfgt`, `dest_app_req`, `dest_notes`, `prod_type`, `prod_desc`, `prod_value`, `prod_hazard`, `prod_stackable`, `no_of_pallets`, `weight_per_pallet`, `tot_load_wt`, `pallet_width`, `pallet_length`, `pallet_height`, `freight_class`, `load_strap`, `load_blck`, `pal_area`, `tot_area`, `max_pal_wt`, `max_load`, `max_width`, `max_length`, `max_height`, `ext_wght`, `sm_pall_chg`, `mult_sm_pal_cost`, `sing_pal_cost`, `mult_pal_cost`, `wt_chg`, `pall_disc`, `pall_disc_cst`, `tot_load_cost`, `updated_at`, `created_at`) values (68, 0, 0, 0, 0, 0, In Progress, Berkley International, 2725 E El Presidio Street, N/A, Carson, 90810, CA, Brett Berkley, 3109001771, brett@goberkley.com, 2019-10-11, Commercial, Yes, Yes, No, No, No, N/A, Greenbar Distillery, 2459 E 8th Street, N/A, Los Angeles, 90021, CA, Bill Auxier, 6302090378, bill@greenbar.biz, 2019-10-11, Commercial, Yes, No, No, No, No, N/A, Pallet, N/A, ?, No, No, 3, 454, 1362, 48, 40, 84, 50, No, No, 13.333333333333, 40, Go, Go, Go, Go, Go, 0, 0, 0, 68.33, 204.99, 0.00, 0.4, 27.33, 124.36, 2019-10-10 14:06:19, 2019-10-10 14:06:19)) at /var/www/html/fillstorship/vendor/laravel/framework/src/Illuminate/Database/Connection.php:664, PDOException(code: 23000): SQLSTATE[23000]: Integrity constraint violation: 1048 Column 'prod_value' cannot be null at /var/www/html/fillstorship/vendor/laravel/framework/src/Illuminate/Database/Connection.php:458)
[stacktrace]
#0 /var/www/html/fillstorship/vendor/laravel/framework/src/Illuminate/Database/Connection.php(624): Illuminate\\Database\\Connection->runQueryCallback('insert into `sh...', Array, Object(Closure))
#1 /var/www/html/fillstorship/vendor/laravel/framework/src/Illuminate/Database/Connection.php(459): Illuminate\\Database\\Connection->run('insert into `sh...', Array, Object(Closure))
#2 /var/www/html/fillstorship/vendor/laravel/framework/src/Illuminate/Database/Connection.php(411): Illuminate\\Database\\Connection->statement('insert into `sh...', Array)
#3 /var/www/html/fillstorship/vendor/laravel/framework/src/Illuminate/Database/Query/Processors/Processor.php(32): Illuminate\\Database\\Connection->insert('insert into `sh...', Array)
#4 /var/www/html/fillstorship/vendor/laravel/framework/src/Illuminate/Database/Query/Builder.php(2690): Illuminate\\Database\\Query\\Processors\\Processor->processInsertGetId(Object(Illuminate\\Database\\Query\\Builder), 'insert into `sh...', Array, 'id')
#5 /var/www/html/fillstorship/vendor/laravel/framework/src/Illuminate/Database/Eloquent/Builder.php(1353): Illuminate\\Database\\Query\\Builder->insertGetId(Array, 'id')
#6 /var/www/html/fillstorship/vendor/laravel/framework/src/Illuminate/Database/Eloquent/Model.php(839): Illuminate\\Database\\Eloquent\\Builder->__call('insertGetId', Array)
#7 /var/www/html/fillstorship/vendor/laravel/framework/src/Illuminate/Database/Eloquent/Model.php(804): Illuminate\\Database\\Eloquent\\Model->insertAndSetId(Object(Illuminate\\Database\\Eloquent\\Builder), Array)
#8 /var/www/html/fillstorship/vendor/laravel/framework/src/Illuminate/Database/Eloquent/Model.php(667): Illuminate\\Database\\Eloquent\\Model->performInsert(Object(Illuminate\\Database\\Eloquent\\Builder))
#9 /var/www/html/fillstorship/app/Http/Controllers/ShipmentsController.php(845): Illuminate\\Database\\Eloquent\\Model->save()
#10 [internal function]: App\\Http\\Controllers\\ShipmentsController->store(Object(Illuminate\\Http\\Request))
#11 /var/www/html/fillstorship/vendor/laravel/framework/src/Illuminate/Routing/Controller.php(54): call_user_func_array(Array, Array)
#12 /var/www/html/fillstorship/vendor/laravel/framework/src/Illuminate/Routing/ControllerDispatcher.php(45): Illuminate\\Routing\\Controller->callAction('store', Array)
#13 /var/www/html/fillstorship/vendor/laravel/framework/src/Illuminate/Routing/Route.php(219): Illuminate\\Routing\\ControllerDispatcher->dispatch(Object(Illuminate\\Routing\\Route), Object(App\\Http\\Controllers\\ShipmentsController), 'store')
#14 /var/www/html/fillstorship/vendor/laravel/framework/src/Illuminate/Routing/Route.php(176): Illuminate\\Routing\\Route->runController()
#15 /var/www/html/fillstorship/vendor/laravel/framework/src/Illuminate/Routing/Router.php(680): Illuminate\\Routing\\Route->run()
#16 /var/www/html/fillstorship/vendor/laravel/framework/src/Illuminate/Routing/Pipeline.php(30): Illuminate\\Routing\\Router->Illuminate\\Routing\\{closure}(Object(Illuminate\\Http\\Request))
#17 /var/www/html/fillstorship/app/Http/Middleware/Impersonate.php(25): Illuminate\\Routing\\Pipeline->Illuminate\\Routing\\{closure}(Object(Illuminate\\Http\\Request))
#18 /var/www/html/fillstorship/vendor/laravel/framework/src/Illuminate/Pipeline/Pipeline.php(163): App\\Http\\Middleware\\Impersonate->handle(Object(Illuminate\\Http\\Request), Object(Closure))
#19 /var/www/html/fillstorship/vendor/laravel/framework/src/Illuminate/Routing/Pipeline.php(53): Illuminate\\Pipeline\\Pipeline->Illuminate\\Pipeline\\{closure}(Object(Illuminate\\Http\\Request))
#20 /var/www/html/fillstorship/vendor/laravel/framework/src/Illuminate/Routing/Middleware/SubstituteBindings.php(41): Illuminate\\Routing\\Pipeline->Illuminate\\Routing\\{closure}(Object(Illuminate\\Http\\Request))
#21 /var/www/html/fillstorship/vendor/laravel/framework/src/Illuminate/Pipeline/Pipeline.php(163): Illuminate\\Routing\\Middleware\\SubstituteBindings->handle(Object(Illuminate\\Http\\Request), Object(Closure))
#22 /var/www/html/fillstorship/vendor/laravel/framework/src/Illuminate/Routing/Pipeline.php(53): Illuminate\\Pipeline\\Pipeline->Illuminate\\Pipeline\\{closure}(Object(Illuminate\\Http\\Request))
#23 /var/www/html/fillstorship/vendor/laravel/framework/src/Illuminate/Foundation/Http/Middleware/VerifyCsrfToken.php(75): Illuminate\\Routing\\Pipeline->Illuminate\\Routing\\{closure}(Object(Illuminate\\Http\\Request))
#24 /var/www/html/fillstorship/vendor/laravel/framework/src/Illuminate/Pipeline/Pipeline.php(163): Illuminate\\Foundation\\Http\\Middleware\\VerifyCsrfToken->handle(Object(Illuminate\\Http\\Request), Object(Closure))
#25 /var/www/html/fillstorship/vendor/laravel/framework/src/Illuminate/Routing/Pipeline.php(53): Illuminate\\Pipeline\\Pipeline->Illuminate\\Pipeline\\{closure}(Object(Illuminate\\Http\\Request))
#26 /var/www/html/fillstorship/vendor/laravel/framework/src/Illuminate/View/Middleware/ShareErrorsFromSession.php(49): Illuminate\\Routing\\Pipeline->Illuminate\\Routing\\{closure}(Object(Illuminate\\Http\\Request))
#27 /var/www/html/fillstorship/vendor/laravel/framework/src/Illuminate/Pipeline/Pipeline.php(163): Illuminate\\View\\Middleware\\ShareErrorsFromSession->handle(Object(Illuminate\\Http\\Request), Object(Closure))
#28 /var/www/html/fillstorship/vendor/laravel/framework/src/Illuminate/Routing/Pipeline.php(53): Illuminate\\Pipeline\\Pipeline->Illuminate\\Pipeline\\{closure}(Object(Illuminate\\Http\\Request))
#29 /var/www/html/fillstorship/vendor/laravel/framework/src/Illuminate/Session/Middleware/StartSession.php(56): Illuminate\\Routing\\Pipeline->Illuminate\\Routing\\{closure}(Object(Illuminate\\Http\\Request))
#30 /var/www/html/fillstorship/vendor/laravel/framework/src/Illuminate/Pipeline/Pipeline.php(163): Illuminate\\Session\\Middleware\\StartSession->handle(Object(Illuminate\\Http\\Request), Object(Closure))
#31 /var/www/html/fillstorship/vendor/laravel/framework/src/Illuminate/Routing/Pipeline.php(53): Illuminate\\Pipeline\\Pipeline->Illuminate\\Pipeline\\{closure}(Object(Illuminate\\Http\\Request))
#32 /var/www/html/fillstorship/vendor/laravel/framework/src/Illuminate/Cookie/Middleware/AddQueuedCookiesToResponse.php(37): Illuminate\\Routing\\Pipeline->Illuminate\\Routing\\{closure}(Object(Illuminate\\Http\\Request))
#33 /var/www/html/fillstorship/vendor/laravel/framework/src/Illuminate/Pipeline/Pipeline.php(163): Illuminate\\Cookie\\Middleware\\AddQueuedCookiesToResponse->handle(Object(Illuminate\\Http\\Request), Object(Closure))
#34 /var/www/html/fillstorship/vendor/laravel/framework/src/Illuminate/Routing/Pipeline.php(53): Illuminate\\Pipeline\\Pipeline->Illuminate\\Pipeline\\{closure}(Object(Illuminate\\Http\\Request))
#35 /var/www/html/fillstorship/vendor/laravel/framework/src/Illuminate/Cookie/Middleware/EncryptCookies.php(66): Illuminate\\Routing\\Pipeline->Illuminate\\Routing\\{closure}(Object(Illuminate\\Http\\Request))
#36 /var/www/html/fillstorship/vendor/laravel/framework/src/Illuminate/Pipeline/Pipeline.php(163): Illuminate\\Cookie\\Middleware\\EncryptCookies->handle(Object(Illuminate\\Http\\Request), Object(Closure))
#37 /var/www/html/fillstorship/vendor/laravel/framework/src/Illuminate/Routing/Pipeline.php(53): Illuminate\\Pipeline\\Pipeline->Illuminate\\Pipeline\\{closure}(Object(Illuminate\\Http\\Request))
#38 /var/www/html/fillstorship/vendor/laravel/framework/src/Illuminate/Pipeline/Pipeline.php(104): Illuminate\\Routing\\Pipeline->Illuminate\\Routing\\{closure}(Object(Illuminate\\Http\\Request))
#39 /var/www/html/fillstorship/vendor/laravel/framework/src/Illuminate/Routing/Router.php(682): Illuminate\\Pipeline\\Pipeline->then(Object(Closure))
#40 /var/www/html/fillstorship/vendor/laravel/framework/src/Illuminate/Routing/Router.php(657): Illuminate\\Routing\\Router->runRouteWithinStack(Object(Illuminate\\Routing\\Route), Object(Illuminate\\Http\\Request))
#41 /var/www/html/fillstorship/vendor/laravel/framework/src/Illuminate/Routing/Router.php(623): Illuminate\\Routing\\Router->runRoute(Object(Illuminate\\Http\\Request), Object(Illuminate\\Routing\\Route))
#42 /var/www/html/fillstorship/vendor/laravel/framework/src/Illuminate/Routing/Router.php(612): Illuminate\\Routing\\Router->dispatchToRoute(Object(Illuminate\\Http\\Request))
#43 /var/www/html/fillstorship/vendor/laravel/framework/src/Illuminate/Foundation/Http/Kernel.php(176): Illuminate\\Routing\\Router->dispatch(Object(Illuminate\\Http\\Request))
#44 /var/www/html/fillstorship/vendor/laravel/framework/src/Illuminate/Routing/Pipeline.php(30): Illuminate\\Foundation\\Http\\Kernel->Illuminate\\Foundation\\Http\\{closure}(Object(Illuminate\\Http\\Request))
#45 /var/www/html/fillstorship/vendor/fideloper/proxy/src/TrustProxies.php(57): Illuminate\\Routing\\Pipeline->Illuminate\\Routing\\{closure}(Object(Illuminate\\Http\\Request))
#46 /var/www/html/fillstorship/vendor/laravel/framework/src/Illuminate/Pipeline/Pipeline.php(163): Fideloper\\Proxy\\TrustProxies->handle(Object(Illuminate\\Http\\Request), Object(Closure))
#47 /var/www/html/fillstorship/vendor/laravel/framework/src/Illuminate/Routing/Pipeline.php(53): Illuminate\\Pipeline\\Pipeline->Illuminate\\Pipeline\\{closure}(Object(Illuminate\\Http\\Request))
#48 /var/www/html/fillstorship/vendor/laravel/framework/src/Illuminate/Foundation/Http/Middleware/TransformsRequest.php(21): Illuminate\\Routing\\Pipeline->Illuminate\\Routing\\{closure}(Object(Illuminate\\Http\\Request))
#49 /var/www/html/fillstorship/vendor/laravel/framework/src/Illuminate/Pipeline/Pipeline.php(163): Illuminate\\Foundation\\Http\\Middleware\\TransformsRequest->handle(Object(Illuminate\\Http\\Request), Object(Closure))
#50 /var/www/html/fillstorship/vendor/laravel/framework/src/Illuminate/Routing/Pipeline.php(53): Illuminate\\Pipeline\\Pipeline->Illuminate\\Pipeline\\{closure}(Object(Illuminate\\Http\\Request))
#51 /var/www/html/fillstorship/vendor/laravel/framework/src/Illuminate/Foundation/Http/Middleware/TransformsRequest.php(21): Illuminate\\Routing\\Pipeline->Illuminate\\Routing\\{closure}(Object(Illuminate\\Http\\Request))
#52 /var/www/html/fillstorship/vendor/laravel/framework/src/Illuminate/Pipeline/Pipeline.php(163): Illuminate\\Foundation\\Http\\Middleware\\TransformsRequest->handle(Object(Illuminate\\Http\\Request), Object(Closure))
#53 /var/www/html/fillstorship/vendor/laravel/framework/src/Illuminate/Routing/Pipeline.php(53): Illuminate\\Pipeline\\Pipeline->Illuminate\\Pipeline\\{closure}(Object(Illuminate\\Http\\Request))
#54 /var/www/html/fillstorship/vendor/laravel/framework/src/Illuminate/Foundation/Http/Middleware/ValidatePostSize.php(27): Illuminate\\Routing\\Pipeline->Illuminate\\Routing\\{closure}(Object(Illuminate\\Http\\Request))
#55 /var/www/html/fillstorship/vendor/laravel/framework/src/Illuminate/Pipeline/Pipeline.php(163): Illuminate\\Foundation\\Http\\Middleware\\ValidatePostSize->handle(Object(Illuminate\\Http\\Request), Object(Closure))
#56 /var/www/html/fillstorship/vendor/laravel/framework/src/Illuminate/Routing/Pipeline.php(53): Illuminate\\Pipeline\\Pipeline->Illuminate\\Pipeline\\{closure}(Object(Illuminate\\Http\\Request))
#57 /var/www/html/fillstorship/vendor/laravel/framework/src/Illuminate/Foundation/Http/Middleware/CheckForMaintenanceMode.php(62): Illuminate\\Routing\\Pipeline->Illuminate\\Routing\\{closure}(Object(Illuminate\\Http\\Request))
#58 /var/www/html/fillstorship/vendor/laravel/framework/src/Illuminate/Pipeline/Pipeline.php(163): Illuminate\\Foundation\\Http\\Middleware\\CheckForMaintenanceMode->handle(Object(Illuminate\\Http\\Request), Object(Closure))
#59 /var/www/html/fillstorship/vendor/laravel/framework/src/Illuminate/Routing/Pipeline.php(53): Illuminate\\Pipeline\\Pipeline->Illuminate\\Pipeline\\{closure}(Object(Illuminate\\Http\\Request))
#60 /var/www/html/fillstorship/vendor/laravel/framework/src/Illuminate/Pipeline/Pipeline.php(104): Illuminate\\Routing\\Pipeline->Illuminate\\Routing\\{closure}(Object(Illuminate\\Http\\Request))
#61 /var/www/html/fillstorship/vendor/laravel/framework/src/Illuminate/Foundation/Http/Kernel.php(151): Illuminate\\Pipeline\\Pipeline->then(Object(Closure))
#62 /var/www/html/fillstorship/vendor/laravel/framework/src/Illuminate/Foundation/Http/Kernel.php(116): Illuminate\\Foundation\\Http\\Kernel->sendRequestThroughRouter(Object(Illuminate\\Http\\Request))
#63 /var/www/html/fillstorship/public/index.php(55): Illuminate\\Foundation\\Http\\Kernel->handle(Object(Illuminate\\Http\\Request))
#64 {main}
>>>>>>> a6f648a566f25f861ff957f242207ce9630454c6
"} 
