[2019-12-10 10:46:26] local.ERROR: syntax error, unexpected end of file, expecting elseif (T_ELSEIF) or else (T_ELSE) or endif (T_ENDIF) (View: /Users/karendiaz/Desktop/fss/resources/views/checkout/makepayment.blade.php) {"userId":3,"exception":"[object] (ErrorException(code: 0): syntax error, unexpected end of file, expecting elseif (T_ELSEIF) or else (T_ELSE) or endif (T_ENDIF) (View: /Users/karendiaz/Desktop/fss/resources/views/checkout/makepayment.blade.php) at /Users/karendiaz/Desktop/fss/storage/framework/views/446409cf3b716b3658cd023d7dbc6a63a7eda3ed.php:448, Symfony\\Component\\Debug\\Exception\\FatalThrowableError(code: 0): syntax error, unexpected end of file, expecting elseif (T_ELSEIF) or else (T_ELSE) or endif (T_ENDIF) at /Users/karendiaz/Desktop/fss/storage/framework/views/446409cf3b716b3658cd023d7dbc6a63a7eda3ed.php:448)
[stacktrace]
#0 /Users/karendiaz/Desktop/fss/vendor/laravel/framework/src/Illuminate/View/Engines/PhpEngine.php(47): Illuminate\\View\\Engines\\CompilerEngine->handleViewException(Object(Symfony\\Component\\Debug\\Exception\\FatalThrowableError), 1)
#1 /Users/karendiaz/Desktop/fss/vendor/laravel/framework/src/Illuminate/View/Engines/CompilerEngine.php(59): Illuminate\\View\\Engines\\PhpEngine->evaluatePath('/Users/karendia...', Array)
#2 /Users/karendiaz/Desktop/fss/vendor/laravel/framework/src/Illuminate/View/View.php(142): Illuminate\\View\\Engines\\CompilerEngine->get('/Users/karendia...', Array)
#3 /Users/karendiaz/Desktop/fss/vendor/laravel/framework/src/Illuminate/View/View.php(125): Illuminate\\View\\View->getContents()
#4 /Users/karendiaz/Desktop/fss/vendor/laravel/framework/src/Illuminate/View/View.php(90): Illuminate\\View\\View->renderContents()
#5 /Users/karendiaz/Desktop/fss/vendor/laravel/framework/src/Illuminate/Http/Response.php(42): Illuminate\\View\\View->render()
#6 /Users/karendiaz/Desktop/fss/vendor/symfony/http-foundation/Response.php(202): Illuminate\\Http\\Response->setContent(Object(Illuminate\\View\\View))
#7 /Users/karendiaz/Desktop/fss/vendor/laravel/framework/src/Illuminate/Routing/Router.php(748): Symfony\\Component\\HttpFoundation\\Response->__construct(Object(Illuminate\\View\\View))
#8 /Users/karendiaz/Desktop/fss/vendor/laravel/framework/src/Illuminate/Routing/Router.php(720): Illuminate\\Routing\\Router::toResponse(Object(Illuminate\\Http\\Request), Object(Illuminate\\View\\View))
#9 /Users/karendiaz/Desktop/fss/vendor/laravel/framework/src/Illuminate/Routing/Router.php(680): Illuminate\\Routing\\Router->prepareResponse(Object(Illuminate\\Http\\Request), Object(Illuminate\\View\\View))
#10 /Users/karendiaz/Desktop/fss/vendor/laravel/framework/src/Illuminate/Routing/Pipeline.php(30): Illuminate\\Routing\\Router->Illuminate\\Routing\\{closure}(Object(Illuminate\\Http\\Request))
#11 /Users/karendiaz/Desktop/fss/app/Http/Middleware/Impersonate.php(25): Illuminate\\Routing\\Pipeline->Illuminate\\Routing\\{closure}(Object(Illuminate\\Http\\Request))
#12 /Users/karendiaz/Desktop/fss/vendor/laravel/framework/src/Illuminate/Pipeline/Pipeline.php(163): App\\Http\\Middleware\\Impersonate->handle(Object(Illuminate\\Http\\Request), Object(Closure))
#13 /Users/karendiaz/Desktop/fss/vendor/laravel/framework/src/Illuminate/Routing/Pipeline.php(53): Illuminate\\Pipeline\\Pipeline->Illuminate\\Pipeline\\{closure}(Object(Illuminate\\Http\\Request))
#14 /Users/karendiaz/Desktop/fss/vendor/laravel/framework/src/Illuminate/Routing/Middleware/SubstituteBindings.php(41): Illuminate\\Routing\\Pipeline->Illuminate\\Routing\\{closure}(Object(Illuminate\\Http\\Request))
#15 /Users/karendiaz/Desktop/fss/vendor/laravel/framework/src/Illuminate/Pipeline/Pipeline.php(163): Illuminate\\Routing\\Middleware\\SubstituteBindings->handle(Object(Illuminate\\Http\\Request), Object(Closure))
#16 /Users/karendiaz/Desktop/fss/vendor/laravel/framework/src/Illuminate/Routing/Pipeline.php(53): Illuminate\\Pipeline\\Pipeline->Illuminate\\Pipeline\\{closure}(Object(Illuminate\\Http\\Request))
#17 /Users/karendiaz/Desktop/fss/vendor/laravel/framework/src/Illuminate/Foundation/Http/Middleware/VerifyCsrfToken.php(75): Illuminate\\Routing\\Pipeline->Illuminate\\Routing\\{closure}(Object(Illuminate\\Http\\Request))
#18 /Users/karendiaz/Desktop/fss/vendor/laravel/framework/src/Illuminate/Pipeline/Pipeline.php(163): Illuminate\\Foundation\\Http\\Middleware\\VerifyCsrfToken->handle(Object(Illuminate\\Http\\Request), Object(Closure))
#19 /Users/karendiaz/Desktop/fss/vendor/laravel/framework/src/Illuminate/Routing/Pipeline.php(53): Illuminate\\Pipeline\\Pipeline->Illuminate\\Pipeline\\{closure}(Object(Illuminate\\Http\\Request))
#20 /Users/karendiaz/Desktop/fss/vendor/laravel/framework/src/Illuminate/View/Middleware/ShareErrorsFromSession.php(49): Illuminate\\Routing\\Pipeline->Illuminate\\Routing\\{closure}(Object(Illuminate\\Http\\Request))
#21 /Users/karendiaz/Desktop/fss/vendor/laravel/framework/src/Illuminate/Pipeline/Pipeline.php(163): Illuminate\\View\\Middleware\\ShareErrorsFromSession->handle(Object(Illuminate\\Http\\Request), Object(Closure))
#22 /Users/karendiaz/Desktop/fss/vendor/laravel/framework/src/Illuminate/Routing/Pipeline.php(53): Illuminate\\Pipeline\\Pipeline->Illuminate\\Pipeline\\{closure}(Object(Illuminate\\Http\\Request))
#23 /Users/karendiaz/Desktop/fss/vendor/laravel/framework/src/Illuminate/Session/Middleware/StartSession.php(56): Illuminate\\Routing\\Pipeline->Illuminate\\Routing\\{closure}(Object(Illuminate\\Http\\Request))
#24 /Users/karendiaz/Desktop/fss/vendor/laravel/framework/src/Illuminate/Pipeline/Pipeline.php(163): Illuminate\\Session\\Middleware\\StartSession->handle(Object(Illuminate\\Http\\Request), Object(Closure))
#25 /Users/karendiaz/Desktop/fss/vendor/laravel/framework/src/Illuminate/Routing/Pipeline.php(53): Illuminate\\Pipeline\\Pipeline->Illuminate\\Pipeline\\{closure}(Object(Illuminate\\Http\\Request))
#26 /Users/karendiaz/Desktop/fss/vendor/laravel/framework/src/Illuminate/Cookie/Middleware/AddQueuedCookiesToResponse.php(37): Illuminate\\Routing\\Pipeline->Illuminate\\Routing\\{closure}(Object(Illuminate\\Http\\Request))
#27 /Users/karendiaz/Desktop/fss/vendor/laravel/framework/src/Illuminate/Pipeline/Pipeline.php(163): Illuminate\\Cookie\\Middleware\\AddQueuedCookiesToResponse->handle(Object(Illuminate\\Http\\Request), Object(Closure))
#28 /Users/karendiaz/Desktop/fss/vendor/laravel/framework/src/Illuminate/Routing/Pipeline.php(53): Illuminate\\Pipeline\\Pipeline->Illuminate\\Pipeline\\{closure}(Object(Illuminate\\Http\\Request))
#29 /Users/karendiaz/Desktop/fss/vendor/laravel/framework/src/Illuminate/Cookie/Middleware/EncryptCookies.php(66): Illuminate\\Routing\\Pipeline->Illuminate\\Routing\\{closure}(Object(Illuminate\\Http\\Request))
#30 /Users/karendiaz/Desktop/fss/vendor/laravel/framework/src/Illuminate/Pipeline/Pipeline.php(163): Illuminate\\Cookie\\Middleware\\EncryptCookies->handle(Object(Illuminate\\Http\\Request), Object(Closure))
#31 /Users/karendiaz/Desktop/fss/vendor/laravel/framework/src/Illuminate/Routing/Pipeline.php(53): Illuminate\\Pipeline\\Pipeline->Illuminate\\Pipeline\\{closure}(Object(Illuminate\\Http\\Request))
#32 /Users/karendiaz/Desktop/fss/vendor/laravel/framework/src/Illuminate/Pipeline/Pipeline.php(104): Illuminate\\Routing\\Pipeline->Illuminate\\Routing\\{closure}(Object(Illuminate\\Http\\Request))
#33 /Users/karendiaz/Desktop/fss/vendor/laravel/framework/src/Illuminate/Routing/Router.php(682): Illuminate\\Pipeline\\Pipeline->then(Object(Closure))
#34 /Users/karendiaz/Desktop/fss/vendor/laravel/framework/src/Illuminate/Routing/Router.php(657): Illuminate\\Routing\\Router->runRouteWithinStack(Object(Illuminate\\Routing\\Route), Object(Illuminate\\Http\\Request))
#35 /Users/karendiaz/Desktop/fss/vendor/laravel/framework/src/Illuminate/Routing/Router.php(623): Illuminate\\Routing\\Router->runRoute(Object(Illuminate\\Http\\Request), Object(Illuminate\\Routing\\Route))
#36 /Users/karendiaz/Desktop/fss/vendor/laravel/framework/src/Illuminate/Routing/Router.php(612): Illuminate\\Routing\\Router->dispatchToRoute(Object(Illuminate\\Http\\Request))
#37 /Users/karendiaz/Desktop/fss/vendor/laravel/framework/src/Illuminate/Foundation/Http/Kernel.php(176): Illuminate\\Routing\\Router->dispatch(Object(Illuminate\\Http\\Request))
#38 /Users/karendiaz/Desktop/fss/vendor/laravel/framework/src/Illuminate/Routing/Pipeline.php(30): Illuminate\\Foundation\\Http\\Kernel->Illuminate\\Foundation\\Http\\{closure}(Object(Illuminate\\Http\\Request))
#39 /Users/karendiaz/Desktop/fss/vendor/fideloper/proxy/src/TrustProxies.php(57): Illuminate\\Routing\\Pipeline->Illuminate\\Routing\\{closure}(Object(Illuminate\\Http\\Request))
#40 /Users/karendiaz/Desktop/fss/vendor/laravel/framework/src/Illuminate/Pipeline/Pipeline.php(163): Fideloper\\Proxy\\TrustProxies->handle(Object(Illuminate\\Http\\Request), Object(Closure))
#41 /Users/karendiaz/Desktop/fss/vendor/laravel/framework/src/Illuminate/Routing/Pipeline.php(53): Illuminate\\Pipeline\\Pipeline->Illuminate\\Pipeline\\{closure}(Object(Illuminate\\Http\\Request))
#42 /Users/karendiaz/Desktop/fss/vendor/laravel/framework/src/Illuminate/Foundation/Http/Middleware/TransformsRequest.php(21): Illuminate\\Routing\\Pipeline->Illuminate\\Routing\\{closure}(Object(Illuminate\\Http\\Request))
#43 /Users/karendiaz/Desktop/fss/vendor/laravel/framework/src/Illuminate/Pipeline/Pipeline.php(163): Illuminate\\Foundation\\Http\\Middleware\\TransformsRequest->handle(Object(Illuminate\\Http\\Request), Object(Closure))
#44 /Users/karendiaz/Desktop/fss/vendor/laravel/framework/src/Illuminate/Routing/Pipeline.php(53): Illuminate\\Pipeline\\Pipeline->Illuminate\\Pipeline\\{closure}(Object(Illuminate\\Http\\Request))
#45 /Users/karendiaz/Desktop/fss/vendor/laravel/framework/src/Illuminate/Foundation/Http/Middleware/TransformsRequest.php(21): Illuminate\\Routing\\Pipeline->Illuminate\\Routing\\{closure}(Object(Illuminate\\Http\\Request))
#46 /Users/karendiaz/Desktop/fss/vendor/laravel/framework/src/Illuminate/Pipeline/Pipeline.php(163): Illuminate\\Foundation\\Http\\Middleware\\TransformsRequest->handle(Object(Illuminate\\Http\\Request), Object(Closure))
#47 /Users/karendiaz/Desktop/fss/vendor/laravel/framework/src/Illuminate/Routing/Pipeline.php(53): Illuminate\\Pipeline\\Pipeline->Illuminate\\Pipeline\\{closure}(Object(Illuminate\\Http\\Request))
#48 /Users/karendiaz/Desktop/fss/vendor/laravel/framework/src/Illuminate/Foundation/Http/Middleware/ValidatePostSize.php(27): Illuminate\\Routing\\Pipeline->Illuminate\\Routing\\{closure}(Object(Illuminate\\Http\\Request))
#49 /Users/karendiaz/Desktop/fss/vendor/laravel/framework/src/Illuminate/Pipeline/Pipeline.php(163): Illuminate\\Foundation\\Http\\Middleware\\ValidatePostSize->handle(Object(Illuminate\\Http\\Request), Object(Closure))
#50 /Users/karendiaz/Desktop/fss/vendor/laravel/framework/src/Illuminate/Routing/Pipeline.php(53): Illuminate\\Pipeline\\Pipeline->Illuminate\\Pipeline\\{closure}(Object(Illuminate\\Http\\Request))
#51 /Users/karendiaz/Desktop/fss/vendor/laravel/framework/src/Illuminate/Foundation/Http/Middleware/CheckForMaintenanceMode.php(62): Illuminate\\Routing\\Pipeline->Illuminate\\Routing\\{closure}(Object(Illuminate\\Http\\Request))
#52 /Users/karendiaz/Desktop/fss/vendor/laravel/framework/src/Illuminate/Pipeline/Pipeline.php(163): Illuminate\\Foundation\\Http\\Middleware\\CheckForMaintenanceMode->handle(Object(Illuminate\\Http\\Request), Object(Closure))
#53 /Users/karendiaz/Desktop/fss/vendor/laravel/framework/src/Illuminate/Routing/Pipeline.php(53): Illuminate\\Pipeline\\Pipeline->Illuminate\\Pipeline\\{closure}(Object(Illuminate\\Http\\Request))
#54 /Users/karendiaz/Desktop/fss/vendor/laravel/framework/src/Illuminate/Pipeline/Pipeline.php(104): Illuminate\\Routing\\Pipeline->Illuminate\\Routing\\{closure}(Object(Illuminate\\Http\\Request))
#55 /Users/karendiaz/Desktop/fss/vendor/laravel/framework/src/Illuminate/Foundation/Http/Kernel.php(151): Illuminate\\Pipeline\\Pipeline->then(Object(Closure))
#56 /Users/karendiaz/Desktop/fss/vendor/laravel/framework/src/Illuminate/Foundation/Http/Kernel.php(116): Illuminate\\Foundation\\Http\\Kernel->sendRequestThroughRouter(Object(Illuminate\\Http\\Request))
#57 /Users/karendiaz/Desktop/fss/public/index.php(55): Illuminate\\Foundation\\Http\\Kernel->handle(Object(Illuminate\\Http\\Request))
#58 /Users/karendiaz/Desktop/fss/server.php(21): require_once('/Users/karendia...')
#59 {main}
"} 
[2019-12-10 16:14:13] local.ERROR: The exit status code '127' says something went wrong:
stderr: "sh: xvfb-run: command not found
"
stdout: ""
command: xvfb-run -- /usr/local/bin/wkhtmltopdf-amd64 --lowquality '/var/folders/fh/gqtnvhf93zg1446mf839jlmc0000gn/T/knp_snappy5df034d5c09223.88074845.html' '/var/folders/fh/gqtnvhf93zg1446mf839jlmc0000gn/T/knp_snappy5df034d5c0a729.89605687.pdf'. {"userId":3,"exception":"[object] (RuntimeException(code: 127): The exit status code '127' says something went wrong:
stderr: \"sh: xvfb-run: command not found
\"
stdout: \"\"
command: xvfb-run -- /usr/local/bin/wkhtmltopdf-amd64 --lowquality '/var/folders/fh/gqtnvhf93zg1446mf839jlmc0000gn/T/knp_snappy5df034d5c09223.88074845.html' '/var/folders/fh/gqtnvhf93zg1446mf839jlmc0000gn/T/knp_snappy5df034d5c0a729.89605687.pdf'. at /Users/karendiaz/Desktop/fss/vendor/knplabs/knp-snappy/src/Knp/Snappy/AbstractGenerator.php:378)
[stacktrace]
#0 /Users/karendiaz/Desktop/fss/vendor/knplabs/knp-snappy/src/Knp/Snappy/AbstractGenerator.php(177): Knp\\Snappy\\AbstractGenerator->checkProcessStatus(127, '', 'sh: xvfb-run: c...', 'xvfb-run -- /us...')
#1 /Users/karendiaz/Desktop/fss/vendor/knplabs/knp-snappy/src/Knp/Snappy/Pdf.php(63): Knp\\Snappy\\AbstractGenerator->generate(Array, '/var/folders/fh...', Array, false)
#2 /Users/karendiaz/Desktop/fss/vendor/knplabs/knp-snappy/src/Knp/Snappy/AbstractGenerator.php(221): Knp\\Snappy\\Pdf->generate(Array, '/var/folders/fh...', Array)
#3 /Users/karendiaz/Desktop/fss/vendor/knplabs/knp-snappy/src/Knp/Snappy/AbstractGenerator.php(242): Knp\\Snappy\\AbstractGenerator->getOutput(Array, Array)
#4 /Users/karendiaz/Desktop/fss/vendor/barryvdh/laravel-snappy/src/PdfWrapper.php(176): Knp\\Snappy\\AbstractGenerator->getOutputFromHtml('<!DOCTYPE html>...', Array)
#5 /Users/karendiaz/Desktop/fss/vendor/barryvdh/laravel-snappy/src/PdfWrapper.php(246): Barryvdh\\Snappy\\PdfWrapper->output()
#6 /Users/karendiaz/Desktop/fss/vendor/symfony/http-foundation/StreamedResponse.php(112): Barryvdh\\Snappy\\PdfWrapper->Barryvdh\\Snappy\\{closure}()
#7 /Users/karendiaz/Desktop/fss/vendor/symfony/http-foundation/Response.php(376): Symfony\\Component\\HttpFoundation\\StreamedResponse->sendContent()
#8 /Users/karendiaz/Desktop/fss/public/index.php(58): Symfony\\Component\\HttpFoundation\\Response->send()
#9 /Users/karendiaz/Desktop/fss/server.php(21): require_once('/Users/karendia...')
#10 {main}
"} 
[2019-12-10 16:14:18] local.ERROR: The exit status code '127' says something went wrong:
stderr: "sh: xvfb-run: command not found
"
stdout: ""
command: xvfb-run -- /usr/local/bin/wkhtmltopdf-amd64 --lowquality '/var/folders/fh/gqtnvhf93zg1446mf839jlmc0000gn/T/knp_snappy5df034da0814e3.49125623.html' '/var/folders/fh/gqtnvhf93zg1446mf839jlmc0000gn/T/knp_snappy5df034da082701.32838691.pdf'. {"userId":3,"exception":"[object] (RuntimeException(code: 127): The exit status code '127' says something went wrong:
stderr: \"sh: xvfb-run: command not found
\"
stdout: \"\"
command: xvfb-run -- /usr/local/bin/wkhtmltopdf-amd64 --lowquality '/var/folders/fh/gqtnvhf93zg1446mf839jlmc0000gn/T/knp_snappy5df034da0814e3.49125623.html' '/var/folders/fh/gqtnvhf93zg1446mf839jlmc0000gn/T/knp_snappy5df034da082701.32838691.pdf'. at /Users/karendiaz/Desktop/fss/vendor/knplabs/knp-snappy/src/Knp/Snappy/AbstractGenerator.php:378)
[stacktrace]
#0 /Users/karendiaz/Desktop/fss/vendor/knplabs/knp-snappy/src/Knp/Snappy/AbstractGenerator.php(177): Knp\\Snappy\\AbstractGenerator->checkProcessStatus(127, '', 'sh: xvfb-run: c...', 'xvfb-run -- /us...')
#1 /Users/karendiaz/Desktop/fss/vendor/knplabs/knp-snappy/src/Knp/Snappy/Pdf.php(63): Knp\\Snappy\\AbstractGenerator->generate(Array, '/var/folders/fh...', Array, false)
#2 /Users/karendiaz/Desktop/fss/vendor/knplabs/knp-snappy/src/Knp/Snappy/AbstractGenerator.php(221): Knp\\Snappy\\Pdf->generate(Array, '/var/folders/fh...', Array)
#3 /Users/karendiaz/Desktop/fss/vendor/knplabs/knp-snappy/src/Knp/Snappy/AbstractGenerator.php(242): Knp\\Snappy\\AbstractGenerator->getOutput(Array, Array)
#4 /Users/karendiaz/Desktop/fss/vendor/barryvdh/laravel-snappy/src/PdfWrapper.php(176): Knp\\Snappy\\AbstractGenerator->getOutputFromHtml('<!DOCTYPE html>...', Array)
#5 /Users/karendiaz/Desktop/fss/vendor/barryvdh/laravel-snappy/src/PdfWrapper.php(246): Barryvdh\\Snappy\\PdfWrapper->output()
#6 /Users/karendiaz/Desktop/fss/vendor/symfony/http-foundation/StreamedResponse.php(112): Barryvdh\\Snappy\\PdfWrapper->Barryvdh\\Snappy\\{closure}()
#7 /Users/karendiaz/Desktop/fss/vendor/symfony/http-foundation/Response.php(376): Symfony\\Component\\HttpFoundation\\StreamedResponse->sendContent()
#8 /Users/karendiaz/Desktop/fss/public/index.php(58): Symfony\\Component\\HttpFoundation\\Response->send()
#9 /Users/karendiaz/Desktop/fss/server.php(21): require_once('/Users/karendia...')
#10 {main}
"} 
[2019-12-10 16:14:19] local.ERROR: The exit status code '127' says something went wrong:
stderr: "sh: xvfb-run: command not found
"
stdout: ""
command: xvfb-run -- /usr/local/bin/wkhtmltopdf-amd64 --lowquality '/var/folders/fh/gqtnvhf93zg1446mf839jlmc0000gn/T/knp_snappy5df034db412fd4.15872464.html' '/var/folders/fh/gqtnvhf93zg1446mf839jlmc0000gn/T/knp_snappy5df034db414311.60142712.pdf'. {"userId":3,"exception":"[object] (RuntimeException(code: 127): The exit status code '127' says something went wrong:
stderr: \"sh: xvfb-run: command not found
\"
stdout: \"\"
command: xvfb-run -- /usr/local/bin/wkhtmltopdf-amd64 --lowquality '/var/folders/fh/gqtnvhf93zg1446mf839jlmc0000gn/T/knp_snappy5df034db412fd4.15872464.html' '/var/folders/fh/gqtnvhf93zg1446mf839jlmc0000gn/T/knp_snappy5df034db414311.60142712.pdf'. at /Users/karendiaz/Desktop/fss/vendor/knplabs/knp-snappy/src/Knp/Snappy/AbstractGenerator.php:378)
[stacktrace]
#0 /Users/karendiaz/Desktop/fss/vendor/knplabs/knp-snappy/src/Knp/Snappy/AbstractGenerator.php(177): Knp\\Snappy\\AbstractGenerator->checkProcessStatus(127, '', 'sh: xvfb-run: c...', 'xvfb-run -- /us...')
#1 /Users/karendiaz/Desktop/fss/vendor/knplabs/knp-snappy/src/Knp/Snappy/Pdf.php(63): Knp\\Snappy\\AbstractGenerator->generate(Array, '/var/folders/fh...', Array, false)
#2 /Users/karendiaz/Desktop/fss/vendor/knplabs/knp-snappy/src/Knp/Snappy/AbstractGenerator.php(221): Knp\\Snappy\\Pdf->generate(Array, '/var/folders/fh...', Array)
#3 /Users/karendiaz/Desktop/fss/vendor/knplabs/knp-snappy/src/Knp/Snappy/AbstractGenerator.php(242): Knp\\Snappy\\AbstractGenerator->getOutput(Array, Array)
#4 /Users/karendiaz/Desktop/fss/vendor/barryvdh/laravel-snappy/src/PdfWrapper.php(176): Knp\\Snappy\\AbstractGenerator->getOutputFromHtml('<!DOCTYPE html>...', Array)
#5 /Users/karendiaz/Desktop/fss/vendor/barryvdh/laravel-snappy/src/PdfWrapper.php(246): Barryvdh\\Snappy\\PdfWrapper->output()
#6 /Users/karendiaz/Desktop/fss/vendor/symfony/http-foundation/StreamedResponse.php(112): Barryvdh\\Snappy\\PdfWrapper->Barryvdh\\Snappy\\{closure}()
#7 /Users/karendiaz/Desktop/fss/vendor/symfony/http-foundation/Response.php(376): Symfony\\Component\\HttpFoundation\\StreamedResponse->sendContent()
#8 /Users/karendiaz/Desktop/fss/public/index.php(58): Symfony\\Component\\HttpFoundation\\Response->send()
#9 /Users/karendiaz/Desktop/fss/server.php(21): require_once('/Users/karendia...')
#10 {main}
"} 
[2019-12-10 16:14:20] local.ERROR: The exit status code '127' says something went wrong:
stderr: "sh: xvfb-run: command not found
"
stdout: ""
command: xvfb-run -- /usr/local/bin/wkhtmltopdf-amd64 --lowquality '/var/folders/fh/gqtnvhf93zg1446mf839jlmc0000gn/T/knp_snappy5df034dc960f68.98117149.html' '/var/folders/fh/gqtnvhf93zg1446mf839jlmc0000gn/T/knp_snappy5df034dc9621c1.15469935.pdf'. {"userId":3,"exception":"[object] (RuntimeException(code: 127): The exit status code '127' says something went wrong:
stderr: \"sh: xvfb-run: command not found
\"
stdout: \"\"
command: xvfb-run -- /usr/local/bin/wkhtmltopdf-amd64 --lowquality '/var/folders/fh/gqtnvhf93zg1446mf839jlmc0000gn/T/knp_snappy5df034dc960f68.98117149.html' '/var/folders/fh/gqtnvhf93zg1446mf839jlmc0000gn/T/knp_snappy5df034dc9621c1.15469935.pdf'. at /Users/karendiaz/Desktop/fss/vendor/knplabs/knp-snappy/src/Knp/Snappy/AbstractGenerator.php:378)
[stacktrace]
#0 /Users/karendiaz/Desktop/fss/vendor/knplabs/knp-snappy/src/Knp/Snappy/AbstractGenerator.php(177): Knp\\Snappy\\AbstractGenerator->checkProcessStatus(127, '', 'sh: xvfb-run: c...', 'xvfb-run -- /us...')
#1 /Users/karendiaz/Desktop/fss/vendor/knplabs/knp-snappy/src/Knp/Snappy/Pdf.php(63): Knp\\Snappy\\AbstractGenerator->generate(Array, '/var/folders/fh...', Array, false)
#2 /Users/karendiaz/Desktop/fss/vendor/knplabs/knp-snappy/src/Knp/Snappy/AbstractGenerator.php(221): Knp\\Snappy\\Pdf->generate(Array, '/var/folders/fh...', Array)
#3 /Users/karendiaz/Desktop/fss/vendor/knplabs/knp-snappy/src/Knp/Snappy/AbstractGenerator.php(242): Knp\\Snappy\\AbstractGenerator->getOutput(Array, Array)
#4 /Users/karendiaz/Desktop/fss/vendor/barryvdh/laravel-snappy/src/PdfWrapper.php(176): Knp\\Snappy\\AbstractGenerator->getOutputFromHtml('<!DOCTYPE html>...', Array)
#5 /Users/karendiaz/Desktop/fss/vendor/barryvdh/laravel-snappy/src/PdfWrapper.php(246): Barryvdh\\Snappy\\PdfWrapper->output()
#6 /Users/karendiaz/Desktop/fss/vendor/symfony/http-foundation/StreamedResponse.php(112): Barryvdh\\Snappy\\PdfWrapper->Barryvdh\\Snappy\\{closure}()
#7 /Users/karendiaz/Desktop/fss/vendor/symfony/http-foundation/Response.php(376): Symfony\\Component\\HttpFoundation\\StreamedResponse->sendContent()
#8 /Users/karendiaz/Desktop/fss/public/index.php(58): Symfony\\Component\\HttpFoundation\\Response->send()
#9 /Users/karendiaz/Desktop/fss/server.php(21): require_once('/Users/karendia...')
#10 {main}
"} 
[2019-12-10 16:14:27] local.ERROR: The exit status code '127' says something went wrong:
stderr: "sh: xvfb-run: command not found
"
stdout: ""
command: xvfb-run -- /usr/local/bin/wkhtmltopdf-amd64 --lowquality '/var/folders/fh/gqtnvhf93zg1446mf839jlmc0000gn/T/knp_snappy5df034e3aa7f33.00028443.html' '/var/folders/fh/gqtnvhf93zg1446mf839jlmc0000gn/T/knp_snappy5df034e3aa93b1.76006793.pdf'. {"userId":3,"exception":"[object] (RuntimeException(code: 127): The exit status code '127' says something went wrong:
stderr: \"sh: xvfb-run: command not found
\"
stdout: \"\"
command: xvfb-run -- /usr/local/bin/wkhtmltopdf-amd64 --lowquality '/var/folders/fh/gqtnvhf93zg1446mf839jlmc0000gn/T/knp_snappy5df034e3aa7f33.00028443.html' '/var/folders/fh/gqtnvhf93zg1446mf839jlmc0000gn/T/knp_snappy5df034e3aa93b1.76006793.pdf'. at /Users/karendiaz/Desktop/fss/vendor/knplabs/knp-snappy/src/Knp/Snappy/AbstractGenerator.php:378)
[stacktrace]
#0 /Users/karendiaz/Desktop/fss/vendor/knplabs/knp-snappy/src/Knp/Snappy/AbstractGenerator.php(177): Knp\\Snappy\\AbstractGenerator->checkProcessStatus(127, '', 'sh: xvfb-run: c...', 'xvfb-run -- /us...')
#1 /Users/karendiaz/Desktop/fss/vendor/knplabs/knp-snappy/src/Knp/Snappy/Pdf.php(63): Knp\\Snappy\\AbstractGenerator->generate(Array, '/var/folders/fh...', Array, false)
#2 /Users/karendiaz/Desktop/fss/vendor/knplabs/knp-snappy/src/Knp/Snappy/AbstractGenerator.php(221): Knp\\Snappy\\Pdf->generate(Array, '/var/folders/fh...', Array)
#3 /Users/karendiaz/Desktop/fss/vendor/knplabs/knp-snappy/src/Knp/Snappy/AbstractGenerator.php(242): Knp\\Snappy\\AbstractGenerator->getOutput(Array, Array)
#4 /Users/karendiaz/Desktop/fss/vendor/barryvdh/laravel-snappy/src/PdfWrapper.php(176): Knp\\Snappy\\AbstractGenerator->getOutputFromHtml('<!DOCTYPE html>...', Array)
#5 /Users/karendiaz/Desktop/fss/vendor/barryvdh/laravel-snappy/src/PdfWrapper.php(246): Barryvdh\\Snappy\\PdfWrapper->output()
#6 /Users/karendiaz/Desktop/fss/vendor/symfony/http-foundation/StreamedResponse.php(112): Barryvdh\\Snappy\\PdfWrapper->Barryvdh\\Snappy\\{closure}()
#7 /Users/karendiaz/Desktop/fss/vendor/symfony/http-foundation/Response.php(376): Symfony\\Component\\HttpFoundation\\StreamedResponse->sendContent()
#8 /Users/karendiaz/Desktop/fss/public/index.php(58): Symfony\\Component\\HttpFoundation\\Response->send()
#9 /Users/karendiaz/Desktop/fss/server.php(21): require_once('/Users/karendia...')
#10 {main}
"} 
[2019-12-10 16:16:54] local.ERROR: The exit status code '127' says something went wrong:
stderr: "sh: xvfb-run: command not found
"
stdout: ""
command: xvfb-run -- /usr/local/bin/wkhtmltopdf-amd64 --lowquality '/var/folders/fh/gqtnvhf93zg1446mf839jlmc0000gn/T/knp_snappy5df03576bf1fe5.83971781.html' '/var/folders/fh/gqtnvhf93zg1446mf839jlmc0000gn/T/knp_snappy5df03576bf3406.85749107.pdf'. {"userId":3,"exception":"[object] (RuntimeException(code: 127): The exit status code '127' says something went wrong:
stderr: \"sh: xvfb-run: command not found
\"
stdout: \"\"
command: xvfb-run -- /usr/local/bin/wkhtmltopdf-amd64 --lowquality '/var/folders/fh/gqtnvhf93zg1446mf839jlmc0000gn/T/knp_snappy5df03576bf1fe5.83971781.html' '/var/folders/fh/gqtnvhf93zg1446mf839jlmc0000gn/T/knp_snappy5df03576bf3406.85749107.pdf'. at /Users/karendiaz/Desktop/fss/vendor/knplabs/knp-snappy/src/Knp/Snappy/AbstractGenerator.php:378)
[stacktrace]
#0 /Users/karendiaz/Desktop/fss/vendor/knplabs/knp-snappy/src/Knp/Snappy/AbstractGenerator.php(177): Knp\\Snappy\\AbstractGenerator->checkProcessStatus(127, '', 'sh: xvfb-run: c...', 'xvfb-run -- /us...')
#1 /Users/karendiaz/Desktop/fss/vendor/knplabs/knp-snappy/src/Knp/Snappy/Pdf.php(63): Knp\\Snappy\\AbstractGenerator->generate(Array, '/var/folders/fh...', Array, false)
#2 /Users/karendiaz/Desktop/fss/vendor/knplabs/knp-snappy/src/Knp/Snappy/AbstractGenerator.php(221): Knp\\Snappy\\Pdf->generate(Array, '/var/folders/fh...', Array)
#3 /Users/karendiaz/Desktop/fss/vendor/knplabs/knp-snappy/src/Knp/Snappy/AbstractGenerator.php(242): Knp\\Snappy\\AbstractGenerator->getOutput(Array, Array)
#4 /Users/karendiaz/Desktop/fss/vendor/barryvdh/laravel-snappy/src/PdfWrapper.php(176): Knp\\Snappy\\AbstractGenerator->getOutputFromHtml('<!DOCTYPE html>...', Array)
#5 /Users/karendiaz/Desktop/fss/vendor/barryvdh/laravel-snappy/src/PdfWrapper.php(246): Barryvdh\\Snappy\\PdfWrapper->output()
#6 /Users/karendiaz/Desktop/fss/vendor/symfony/http-foundation/StreamedResponse.php(112): Barryvdh\\Snappy\\PdfWrapper->Barryvdh\\Snappy\\{closure}()
#7 /Users/karendiaz/Desktop/fss/vendor/symfony/http-foundation/Response.php(376): Symfony\\Component\\HttpFoundation\\StreamedResponse->sendContent()
#8 /Users/karendiaz/Desktop/fss/public/index.php(58): Symfony\\Component\\HttpFoundation\\Response->send()
#9 /Users/karendiaz/Desktop/fss/server.php(21): require_once('/Users/karendia...')
#10 {main}
"} 
[2019-12-10 16:17:54] local.ERROR: The exit status code '127' says something went wrong:
stderr: "sh: xvfb-run: command not found
"
stdout: ""
command: xvfb-run -- /usr/local/bin/wkhtmltopdf-amd64 --lowquality '/var/folders/fh/gqtnvhf93zg1446mf839jlmc0000gn/T/knp_snappy5df035b21481e3.42189853.html' '/var/folders/fh/gqtnvhf93zg1446mf839jlmc0000gn/T/knp_snappy5df035b2149821.85555029.pdf'. {"userId":3,"exception":"[object] (RuntimeException(code: 127): The exit status code '127' says something went wrong:
stderr: \"sh: xvfb-run: command not found
\"
stdout: \"\"
command: xvfb-run -- /usr/local/bin/wkhtmltopdf-amd64 --lowquality '/var/folders/fh/gqtnvhf93zg1446mf839jlmc0000gn/T/knp_snappy5df035b21481e3.42189853.html' '/var/folders/fh/gqtnvhf93zg1446mf839jlmc0000gn/T/knp_snappy5df035b2149821.85555029.pdf'. at /Users/karendiaz/Desktop/fss/vendor/knplabs/knp-snappy/src/Knp/Snappy/AbstractGenerator.php:378)
[stacktrace]
#0 /Users/karendiaz/Desktop/fss/vendor/knplabs/knp-snappy/src/Knp/Snappy/AbstractGenerator.php(177): Knp\\Snappy\\AbstractGenerator->checkProcessStatus(127, '', 'sh: xvfb-run: c...', 'xvfb-run -- /us...')
#1 /Users/karendiaz/Desktop/fss/vendor/knplabs/knp-snappy/src/Knp/Snappy/Pdf.php(63): Knp\\Snappy\\AbstractGenerator->generate(Array, '/var/folders/fh...', Array, false)
#2 /Users/karendiaz/Desktop/fss/vendor/knplabs/knp-snappy/src/Knp/Snappy/AbstractGenerator.php(221): Knp\\Snappy\\Pdf->generate(Array, '/var/folders/fh...', Array)
#3 /Users/karendiaz/Desktop/fss/vendor/knplabs/knp-snappy/src/Knp/Snappy/AbstractGenerator.php(242): Knp\\Snappy\\AbstractGenerator->getOutput(Array, Array)
#4 /Users/karendiaz/Desktop/fss/vendor/barryvdh/laravel-snappy/src/PdfWrapper.php(176): Knp\\Snappy\\AbstractGenerator->getOutputFromHtml('<!DOCTYPE html>...', Array)
#5 /Users/karendiaz/Desktop/fss/vendor/barryvdh/laravel-snappy/src/PdfWrapper.php(246): Barryvdh\\Snappy\\PdfWrapper->output()
#6 /Users/karendiaz/Desktop/fss/vendor/symfony/http-foundation/StreamedResponse.php(112): Barryvdh\\Snappy\\PdfWrapper->Barryvdh\\Snappy\\{closure}()
#7 /Users/karendiaz/Desktop/fss/vendor/symfony/http-foundation/Response.php(376): Symfony\\Component\\HttpFoundation\\StreamedResponse->sendContent()
#8 /Users/karendiaz/Desktop/fss/public/index.php(58): Symfony\\Component\\HttpFoundation\\Response->send()
#9 /Users/karendiaz/Desktop/fss/server.php(21): require_once('/Users/karendia...')
#10 {main}
"} 
[2019-12-10 17:31:28] local.ERROR: The exit status code '127' says something went wrong:
stderr: "sh: /vendor/h4cc/wkhtmltoimage-amd64/bin: No such file or directory
"
stdout: ""
command: /vendor/h4cc/wkhtmltoimage-amd64/bin --lowquality '/var/folders/fh/gqtnvhf93zg1446mf839jlmc0000gn/T/knp_snappy5df046f0541cf5.12496390.html' '/var/folders/fh/gqtnvhf93zg1446mf839jlmc0000gn/T/knp_snappy5df046f0543340.52645006.pdf'. {"userId":3,"exception":"[object] (RuntimeException(code: 127): The exit status code '127' says something went wrong:
stderr: \"sh: /vendor/h4cc/wkhtmltoimage-amd64/bin: No such file or directory
\"
stdout: \"\"
command: /vendor/h4cc/wkhtmltoimage-amd64/bin --lowquality '/var/folders/fh/gqtnvhf93zg1446mf839jlmc0000gn/T/knp_snappy5df046f0541cf5.12496390.html' '/var/folders/fh/gqtnvhf93zg1446mf839jlmc0000gn/T/knp_snappy5df046f0543340.52645006.pdf'. at /Users/karendiaz/Desktop/fss/vendor/knplabs/knp-snappy/src/Knp/Snappy/AbstractGenerator.php:378)
[stacktrace]
#0 /Users/karendiaz/Desktop/fss/vendor/knplabs/knp-snappy/src/Knp/Snappy/AbstractGenerator.php(177): Knp\\Snappy\\AbstractGenerator->checkProcessStatus(127, '', 'sh: /vendor/h4c...', '/vendor/h4cc/wk...')
#1 /Users/karendiaz/Desktop/fss/vendor/knplabs/knp-snappy/src/Knp/Snappy/Pdf.php(63): Knp\\Snappy\\AbstractGenerator->generate(Array, '/var/folders/fh...', Array, false)
#2 /Users/karendiaz/Desktop/fss/vendor/knplabs/knp-snappy/src/Knp/Snappy/AbstractGenerator.php(221): Knp\\Snappy\\Pdf->generate(Array, '/var/folders/fh...', Array)
#3 /Users/karendiaz/Desktop/fss/vendor/knplabs/knp-snappy/src/Knp/Snappy/AbstractGenerator.php(242): Knp\\Snappy\\AbstractGenerator->getOutput(Array, Array)
#4 /Users/karendiaz/Desktop/fss/vendor/barryvdh/laravel-snappy/src/PdfWrapper.php(176): Knp\\Snappy\\AbstractGenerator->getOutputFromHtml('<!DOCTYPE html>...', Array)
#5 /Users/karendiaz/Desktop/fss/vendor/barryvdh/laravel-snappy/src/PdfWrapper.php(246): Barryvdh\\Snappy\\PdfWrapper->output()
#6 /Users/karendiaz/Desktop/fss/vendor/symfony/http-foundation/StreamedResponse.php(112): Barryvdh\\Snappy\\PdfWrapper->Barryvdh\\Snappy\\{closure}()
#7 /Users/karendiaz/Desktop/fss/vendor/symfony/http-foundation/Response.php(376): Symfony\\Component\\HttpFoundation\\StreamedResponse->sendContent()
#8 /Users/karendiaz/Desktop/fss/public/index.php(58): Symfony\\Component\\HttpFoundation\\Response->send()
#9 /Users/karendiaz/Desktop/fss/server.php(21): require_once('/Users/karendia...')
#10 {main}
"} 
[2019-12-10 17:32:47] local.ERROR: The exit status code '127' says something went wrong:
stderr: "sh: /usr/local/bin/wkhtmltopdf: No such file or directory
"
stdout: ""
command: /usr/local/bin/wkhtmltopdf --lowquality '/var/folders/fh/gqtnvhf93zg1446mf839jlmc0000gn/T/knp_snappy5df0473f22ebe4.83093794.html' '/var/folders/fh/gqtnvhf93zg1446mf839jlmc0000gn/T/knp_snappy5df0473f22fee6.16862051.pdf'. {"userId":3,"exception":"[object] (RuntimeException(code: 127): The exit status code '127' says something went wrong:
stderr: \"sh: /usr/local/bin/wkhtmltopdf: No such file or directory
\"
stdout: \"\"
command: /usr/local/bin/wkhtmltopdf --lowquality '/var/folders/fh/gqtnvhf93zg1446mf839jlmc0000gn/T/knp_snappy5df0473f22ebe4.83093794.html' '/var/folders/fh/gqtnvhf93zg1446mf839jlmc0000gn/T/knp_snappy5df0473f22fee6.16862051.pdf'. at /Users/karendiaz/Desktop/fss/vendor/knplabs/knp-snappy/src/Knp/Snappy/AbstractGenerator.php:378)
[stacktrace]
#0 /Users/karendiaz/Desktop/fss/vendor/knplabs/knp-snappy/src/Knp/Snappy/AbstractGenerator.php(177): Knp\\Snappy\\AbstractGenerator->checkProcessStatus(127, '', 'sh: /usr/local/...', '/usr/local/bin/...')
#1 /Users/karendiaz/Desktop/fss/vendor/knplabs/knp-snappy/src/Knp/Snappy/Pdf.php(63): Knp\\Snappy\\AbstractGenerator->generate(Array, '/var/folders/fh...', Array, false)
#2 /Users/karendiaz/Desktop/fss/vendor/knplabs/knp-snappy/src/Knp/Snappy/AbstractGenerator.php(221): Knp\\Snappy\\Pdf->generate(Array, '/var/folders/fh...', Array)
#3 /Users/karendiaz/Desktop/fss/vendor/knplabs/knp-snappy/src/Knp/Snappy/AbstractGenerator.php(242): Knp\\Snappy\\AbstractGenerator->getOutput(Array, Array)
#4 /Users/karendiaz/Desktop/fss/vendor/barryvdh/laravel-snappy/src/PdfWrapper.php(176): Knp\\Snappy\\AbstractGenerator->getOutputFromHtml('<!DOCTYPE html>...', Array)
#5 /Users/karendiaz/Desktop/fss/vendor/barryvdh/laravel-snappy/src/PdfWrapper.php(246): Barryvdh\\Snappy\\PdfWrapper->output()
#6 /Users/karendiaz/Desktop/fss/vendor/symfony/http-foundation/StreamedResponse.php(112): Barryvdh\\Snappy\\PdfWrapper->Barryvdh\\Snappy\\{closure}()
#7 /Users/karendiaz/Desktop/fss/vendor/symfony/http-foundation/Response.php(376): Symfony\\Component\\HttpFoundation\\StreamedResponse->sendContent()
#8 /Users/karendiaz/Desktop/fss/public/index.php(58): Symfony\\Component\\HttpFoundation\\Response->send()
#9 /Users/karendiaz/Desktop/fss/server.php(21): require_once('/Users/karendia...')
#10 {main}
"} 
[2019-12-10 17:34:30] local.ERROR: The exit status code '127' says something went wrong:
stderr: "sh: /usr/local/bin/wkhtmltopdf: No such file or directory
"
stdout: ""
command: /usr/local/bin/wkhtmltopdf --lowquality '/var/folders/fh/gqtnvhf93zg1446mf839jlmc0000gn/T/knp_snappy5df047a6ec9646.15196114.html' '/var/folders/fh/gqtnvhf93zg1446mf839jlmc0000gn/T/knp_snappy5df047a6ecc120.30277375.pdf'. {"userId":3,"exception":"[object] (RuntimeException(code: 127): The exit status code '127' says something went wrong:
stderr: \"sh: /usr/local/bin/wkhtmltopdf: No such file or directory
\"
stdout: \"\"
command: /usr/local/bin/wkhtmltopdf --lowquality '/var/folders/fh/gqtnvhf93zg1446mf839jlmc0000gn/T/knp_snappy5df047a6ec9646.15196114.html' '/var/folders/fh/gqtnvhf93zg1446mf839jlmc0000gn/T/knp_snappy5df047a6ecc120.30277375.pdf'. at /Users/karendiaz/Desktop/fss/vendor/knplabs/knp-snappy/src/Knp/Snappy/AbstractGenerator.php:378)
[stacktrace]
#0 /Users/karendiaz/Desktop/fss/vendor/knplabs/knp-snappy/src/Knp/Snappy/AbstractGenerator.php(177): Knp\\Snappy\\AbstractGenerator->checkProcessStatus(127, '', 'sh: /usr/local/...', '/usr/local/bin/...')
#1 /Users/karendiaz/Desktop/fss/vendor/knplabs/knp-snappy/src/Knp/Snappy/Pdf.php(63): Knp\\Snappy\\AbstractGenerator->generate(Array, '/var/folders/fh...', Array, false)
#2 /Users/karendiaz/Desktop/fss/vendor/knplabs/knp-snappy/src/Knp/Snappy/AbstractGenerator.php(221): Knp\\Snappy\\Pdf->generate(Array, '/var/folders/fh...', Array)
#3 /Users/karendiaz/Desktop/fss/vendor/knplabs/knp-snappy/src/Knp/Snappy/AbstractGenerator.php(242): Knp\\Snappy\\AbstractGenerator->getOutput(Array, Array)
#4 /Users/karendiaz/Desktop/fss/vendor/barryvdh/laravel-snappy/src/PdfWrapper.php(176): Knp\\Snappy\\AbstractGenerator->getOutputFromHtml('<!DOCTYPE html>...', Array)
#5 /Users/karendiaz/Desktop/fss/vendor/barryvdh/laravel-snappy/src/PdfWrapper.php(246): Barryvdh\\Snappy\\PdfWrapper->output()
#6 /Users/karendiaz/Desktop/fss/vendor/symfony/http-foundation/StreamedResponse.php(112): Barryvdh\\Snappy\\PdfWrapper->Barryvdh\\Snappy\\{closure}()
#7 /Users/karendiaz/Desktop/fss/vendor/symfony/http-foundation/Response.php(376): Symfony\\Component\\HttpFoundation\\StreamedResponse->sendContent()
#8 /Users/karendiaz/Desktop/fss/public/index.php(58): Symfony\\Component\\HttpFoundation\\Response->send()
#9 /Users/karendiaz/Desktop/fss/server.php(21): require_once('/Users/karendia...')
#10 {main}
"} 
[2019-12-10 17:44:08] local.ERROR: Command "update" is not defined. {"exception":"[object] (Symfony\\Component\\Console\\Exception\\CommandNotFoundException(code: 0): Command \"update\" is not defined. at /Users/karendiaz/Desktop/fss/vendor/symfony/console/Application.php:670)
[stacktrace]
#0 /Users/karendiaz/Desktop/fss/vendor/symfony/console/Application.php(236): Symfony\\Component\\Console\\Application->find('update')
#1 /Users/karendiaz/Desktop/fss/vendor/symfony/console/Application.php(148): Symfony\\Component\\Console\\Application->doRun(Object(Symfony\\Component\\Console\\Input\\ArgvInput), Object(Symfony\\Component\\Console\\Output\\ConsoleOutput))
#2 /Users/karendiaz/Desktop/fss/vendor/laravel/framework/src/Illuminate/Console/Application.php(90): Symfony\\Component\\Console\\Application->run(Object(Symfony\\Component\\Console\\Input\\ArgvInput), Object(Symfony\\Component\\Console\\Output\\ConsoleOutput))
#3 /Users/karendiaz/Desktop/fss/vendor/laravel/framework/src/Illuminate/Foundation/Console/Kernel.php(133): Illuminate\\Console\\Application->run(Object(Symfony\\Component\\Console\\Input\\ArgvInput), Object(Symfony\\Component\\Console\\Output\\ConsoleOutput))
#4 /Users/karendiaz/Desktop/fss/artisan(37): Illuminate\\Foundation\\Console\\Kernel->handle(Object(Symfony\\Component\\Console\\Input\\ArgvInput), Object(Symfony\\Component\\Console\\Output\\ConsoleOutput))
#5 {main}
"} 
[2019-12-10 17:47:17] local.ERROR: The exit status code '126' says something went wrong:
stderr: "sh: /Users/karendiaz/Desktop/fss/vendor/h4cc/wkhtmltopdf-amd64/bin/wkhtmltopdf-amd64: cannot execute binary file
"
stdout: ""
command: /Users/karendiaz/Desktop/fss/vendor/h4cc/wkhtmltopdf-amd64/bin/wkhtmltopdf-amd64 --lowquality '/var/folders/fh/gqtnvhf93zg1446mf839jlmc0000gn/T/knp_snappy5df04aa5ea3849.03171951.html' '/var/folders/fh/gqtnvhf93zg1446mf839jlmc0000gn/T/knp_snappy5df04aa5ea4d47.53500457.pdf'. {"userId":3,"exception":"[object] (RuntimeException(code: 126): The exit status code '126' says something went wrong:
stderr: \"sh: /Users/karendiaz/Desktop/fss/vendor/h4cc/wkhtmltopdf-amd64/bin/wkhtmltopdf-amd64: cannot execute binary file
\"
stdout: \"\"
command: /Users/karendiaz/Desktop/fss/vendor/h4cc/wkhtmltopdf-amd64/bin/wkhtmltopdf-amd64 --lowquality '/var/folders/fh/gqtnvhf93zg1446mf839jlmc0000gn/T/knp_snappy5df04aa5ea3849.03171951.html' '/var/folders/fh/gqtnvhf93zg1446mf839jlmc0000gn/T/knp_snappy5df04aa5ea4d47.53500457.pdf'. at /Users/karendiaz/Desktop/fss/vendor/knplabs/knp-snappy/src/Knp/Snappy/AbstractGenerator.php:378)
[stacktrace]
#0 /Users/karendiaz/Desktop/fss/vendor/knplabs/knp-snappy/src/Knp/Snappy/AbstractGenerator.php(177): Knp\\Snappy\\AbstractGenerator->checkProcessStatus(126, '', 'sh: /Users/kare...', '/Users/karendia...')
#1 /Users/karendiaz/Desktop/fss/vendor/knplabs/knp-snappy/src/Knp/Snappy/Pdf.php(63): Knp\\Snappy\\AbstractGenerator->generate(Array, '/var/folders/fh...', Array, false)
#2 /Users/karendiaz/Desktop/fss/vendor/knplabs/knp-snappy/src/Knp/Snappy/AbstractGenerator.php(221): Knp\\Snappy\\Pdf->generate(Array, '/var/folders/fh...', Array)
#3 /Users/karendiaz/Desktop/fss/vendor/knplabs/knp-snappy/src/Knp/Snappy/AbstractGenerator.php(242): Knp\\Snappy\\AbstractGenerator->getOutput(Array, Array)
#4 /Users/karendiaz/Desktop/fss/vendor/barryvdh/laravel-snappy/src/PdfWrapper.php(176): Knp\\Snappy\\AbstractGenerator->getOutputFromHtml('<!DOCTYPE html>...', Array)
#5 /Users/karendiaz/Desktop/fss/vendor/barryvdh/laravel-snappy/src/PdfWrapper.php(246): Barryvdh\\Snappy\\PdfWrapper->output()
#6 /Users/karendiaz/Desktop/fss/vendor/symfony/http-foundation/StreamedResponse.php(112): Barryvdh\\Snappy\\PdfWrapper->Barryvdh\\Snappy\\{closure}()
#7 /Users/karendiaz/Desktop/fss/vendor/symfony/http-foundation/Response.php(376): Symfony\\Component\\HttpFoundation\\StreamedResponse->sendContent()
#8 /Users/karendiaz/Desktop/fss/public/index.php(58): Symfony\\Component\\HttpFoundation\\Response->send()
#9 /Users/karendiaz/Desktop/fss/server.php(21): require_once('/Users/karendia...')
#10 {main}
"} 
[2019-12-10 17:52:16] local.ERROR: The exit status code '126' says something went wrong:
stderr: "sh: /usr/local/bin/wkhtmltopdf-amd64: cannot execute binary file
"
stdout: ""
command: /usr/local/bin/wkhtmltopdf-amd64 --lowquality '/var/folders/fh/gqtnvhf93zg1446mf839jlmc0000gn/T/knp_snappy5df04bd055a301.11590413.html' '/var/folders/fh/gqtnvhf93zg1446mf839jlmc0000gn/T/knp_snappy5df04bd055b775.23484070.pdf'. {"userId":3,"exception":"[object] (RuntimeException(code: 126): The exit status code '126' says something went wrong:
stderr: \"sh: /usr/local/bin/wkhtmltopdf-amd64: cannot execute binary file
\"
stdout: \"\"
command: /usr/local/bin/wkhtmltopdf-amd64 --lowquality '/var/folders/fh/gqtnvhf93zg1446mf839jlmc0000gn/T/knp_snappy5df04bd055a301.11590413.html' '/var/folders/fh/gqtnvhf93zg1446mf839jlmc0000gn/T/knp_snappy5df04bd055b775.23484070.pdf'. at /Users/karendiaz/Desktop/fss/vendor/knplabs/knp-snappy/src/Knp/Snappy/AbstractGenerator.php:378)
[stacktrace]
#0 /Users/karendiaz/Desktop/fss/vendor/knplabs/knp-snappy/src/Knp/Snappy/AbstractGenerator.php(177): Knp\\Snappy\\AbstractGenerator->checkProcessStatus(126, '', 'sh: /usr/local/...', '/usr/local/bin/...')
#1 /Users/karendiaz/Desktop/fss/vendor/knplabs/knp-snappy/src/Knp/Snappy/Pdf.php(63): Knp\\Snappy\\AbstractGenerator->generate(Array, '/var/folders/fh...', Array, false)
#2 /Users/karendiaz/Desktop/fss/vendor/knplabs/knp-snappy/src/Knp/Snappy/AbstractGenerator.php(221): Knp\\Snappy\\Pdf->generate(Array, '/var/folders/fh...', Array)
#3 /Users/karendiaz/Desktop/fss/vendor/knplabs/knp-snappy/src/Knp/Snappy/AbstractGenerator.php(242): Knp\\Snappy\\AbstractGenerator->getOutput(Array, Array)
#4 /Users/karendiaz/Desktop/fss/vendor/barryvdh/laravel-snappy/src/PdfWrapper.php(176): Knp\\Snappy\\AbstractGenerator->getOutputFromHtml('<!DOCTYPE html>...', Array)
#5 /Users/karendiaz/Desktop/fss/vendor/barryvdh/laravel-snappy/src/PdfWrapper.php(246): Barryvdh\\Snappy\\PdfWrapper->output()
#6 /Users/karendiaz/Desktop/fss/vendor/symfony/http-foundation/StreamedResponse.php(112): Barryvdh\\Snappy\\PdfWrapper->Barryvdh\\Snappy\\{closure}()
#7 /Users/karendiaz/Desktop/fss/vendor/symfony/http-foundation/Response.php(376): Symfony\\Component\\HttpFoundation\\StreamedResponse->sendContent()
#8 /Users/karendiaz/Desktop/fss/public/index.php(58): Symfony\\Component\\HttpFoundation\\Response->send()
#9 /Users/karendiaz/Desktop/fss/server.php(21): require_once('/Users/karendia...')
#10 {main}
"} 
