[2019-12-03 15:33:43] local.ERROR: The exit status code '127' says something went wrong:
stderr: "sh: xvfb-run: command not found
"
stdout: ""
command: xvfb-run -- /usr/local/bin/wkhtmltopdf-amd64 --lowquality '/var/folders/fh/gqtnvhf93zg1446mf839jlmc0000gn/T/knp_snappy5de6f0d78bda28.39930242.html' '/var/folders/fh/gqtnvhf93zg1446mf839jlmc0000gn/T/knp_snappy5de6f0d78beea3.09085751.pdf'. {"userId":3,"exception":"[object] (RuntimeException(code: 127): The exit status code '127' says something went wrong:
stderr: \"sh: xvfb-run: command not found
\"
stdout: \"\"
command: xvfb-run -- /usr/local/bin/wkhtmltopdf-amd64 --lowquality '/var/folders/fh/gqtnvhf93zg1446mf839jlmc0000gn/T/knp_snappy5de6f0d78bda28.39930242.html' '/var/folders/fh/gqtnvhf93zg1446mf839jlmc0000gn/T/knp_snappy5de6f0d78beea3.09085751.pdf'. at /Users/karendiaz/Desktop/fss/vendor/knplabs/knp-snappy/src/Knp/Snappy/AbstractGenerator.php:378)
[stacktrace]
#0 /Users/karendiaz/Desktop/fss/vendor/knplabs/knp-snappy/src/Knp/Snappy/AbstractGenerator.php(177): Knp\\Snappy\\AbstractGenerator->checkProcessStatus(127, '', 'sh: xvfb-run: c...', 'xvfb-run -- /us...')
#1 /Users/karendiaz/Desktop/fss/vendor/knplabs/knp-snappy/src/Knp/Snappy/Pdf.php(63): Knp\\Snappy\\AbstractGenerator->generate(Array, '/var/folders/fh...', Array, false)
#2 /Users/karendiaz/Desktop/fss/vendor/knplabs/knp-snappy/src/Knp/Snappy/AbstractGenerator.php(221): Knp\\Snappy\\Pdf->generate(Array, '/var/folders/fh...', Array)
#3 /Users/karendiaz/Desktop/fss/vendor/knplabs/knp-snappy/src/Knp/Snappy/AbstractGenerator.php(242): Knp\\Snappy\\AbstractGenerator->getOutput(Array, Array)
#4 /Users/karendiaz/Desktop/fss/vendor/barryvdh/laravel-snappy/src/PdfWrapper.php(176): Knp\\Snappy\\AbstractGenerator->getOutputFromHtml('<!DOCTYPE html>...', Array)
#5 /Users/karendiaz/Desktop/fss/vendor/barryvdh/laravel-snappy/src/PdfWrapper.php(246): Barryvdh\\Snappy\\PdfWrapper->output()
#6 /Users/karendiaz/Desktop/fss/vendor/symfony/http-foundation/StreamedResponse.php(112): Barryvdh\\Snappy\\PdfWrapper->Barryvdh\\Snappy\\{closure}()
#7 /Users/karendiaz/Desktop/fss/vendor/symfony/http-foundation/Response.php(376): Symfony\\Component\\HttpFoundation\\StreamedResponse->sendContent()
#8 /Users/karendiaz/Desktop/fss/public/index.php(58): Symfony\\Component\\HttpFoundation\\Response->send()
#9 /Users/karendiaz/Desktop/fss/server.php(21): require_once('/Users/karendia...')
#10 {main}
"} 
[2019-12-03 15:33:47] local.ERROR: The exit status code '127' says something went wrong:
stderr: "sh: xvfb-run: command not found
"
stdout: ""
command: xvfb-run -- /usr/local/bin/wkhtmltopdf-amd64 --lowquality '/var/folders/fh/gqtnvhf93zg1446mf839jlmc0000gn/T/knp_snappy5de6f0db146e03.85670440.html' '/var/folders/fh/gqtnvhf93zg1446mf839jlmc0000gn/T/knp_snappy5de6f0db1480f7.74884662.pdf'. {"userId":3,"exception":"[object] (RuntimeException(code: 127): The exit status code '127' says something went wrong:
stderr: \"sh: xvfb-run: command not found
\"
stdout: \"\"
command: xvfb-run -- /usr/local/bin/wkhtmltopdf-amd64 --lowquality '/var/folders/fh/gqtnvhf93zg1446mf839jlmc0000gn/T/knp_snappy5de6f0db146e03.85670440.html' '/var/folders/fh/gqtnvhf93zg1446mf839jlmc0000gn/T/knp_snappy5de6f0db1480f7.74884662.pdf'. at /Users/karendiaz/Desktop/fss/vendor/knplabs/knp-snappy/src/Knp/Snappy/AbstractGenerator.php:378)
[stacktrace]
#0 /Users/karendiaz/Desktop/fss/vendor/knplabs/knp-snappy/src/Knp/Snappy/AbstractGenerator.php(177): Knp\\Snappy\\AbstractGenerator->checkProcessStatus(127, '', 'sh: xvfb-run: c...', 'xvfb-run -- /us...')
#1 /Users/karendiaz/Desktop/fss/vendor/knplabs/knp-snappy/src/Knp/Snappy/Pdf.php(63): Knp\\Snappy\\AbstractGenerator->generate(Array, '/var/folders/fh...', Array, false)
#2 /Users/karendiaz/Desktop/fss/vendor/knplabs/knp-snappy/src/Knp/Snappy/AbstractGenerator.php(221): Knp\\Snappy\\Pdf->generate(Array, '/var/folders/fh...', Array)
#3 /Users/karendiaz/Desktop/fss/vendor/knplabs/knp-snappy/src/Knp/Snappy/AbstractGenerator.php(242): Knp\\Snappy\\AbstractGenerator->getOutput(Array, Array)
#4 /Users/karendiaz/Desktop/fss/vendor/barryvdh/laravel-snappy/src/PdfWrapper.php(176): Knp\\Snappy\\AbstractGenerator->getOutputFromHtml('<!DOCTYPE html>...', Array)
#5 /Users/karendiaz/Desktop/fss/vendor/barryvdh/laravel-snappy/src/PdfWrapper.php(246): Barryvdh\\Snappy\\PdfWrapper->output()
#6 /Users/karendiaz/Desktop/fss/vendor/symfony/http-foundation/StreamedResponse.php(112): Barryvdh\\Snappy\\PdfWrapper->Barryvdh\\Snappy\\{closure}()
#7 /Users/karendiaz/Desktop/fss/vendor/symfony/http-foundation/Response.php(376): Symfony\\Component\\HttpFoundation\\StreamedResponse->sendContent()
#8 /Users/karendiaz/Desktop/fss/public/index.php(58): Symfony\\Component\\HttpFoundation\\Response->send()
#9 /Users/karendiaz/Desktop/fss/server.php(21): require_once('/Users/karendia...')
#10 {main}
"} 
[2019-12-03 15:33:56] local.ERROR: The exit status code '127' says something went wrong:
stderr: "sh: xvfb-run: command not found
"
stdout: ""
command: xvfb-run -- /usr/local/bin/wkhtmltopdf-amd64 --lowquality '/var/folders/fh/gqtnvhf93zg1446mf839jlmc0000gn/T/knp_snappy5de6f0e4d12822.03954862.html' '/var/folders/fh/gqtnvhf93zg1446mf839jlmc0000gn/T/knp_snappy5de6f0e4d13ba3.22811950.pdf'. {"userId":3,"exception":"[object] (RuntimeException(code: 127): The exit status code '127' says something went wrong:
stderr: \"sh: xvfb-run: command not found
\"
stdout: \"\"
command: xvfb-run -- /usr/local/bin/wkhtmltopdf-amd64 --lowquality '/var/folders/fh/gqtnvhf93zg1446mf839jlmc0000gn/T/knp_snappy5de6f0e4d12822.03954862.html' '/var/folders/fh/gqtnvhf93zg1446mf839jlmc0000gn/T/knp_snappy5de6f0e4d13ba3.22811950.pdf'. at /Users/karendiaz/Desktop/fss/vendor/knplabs/knp-snappy/src/Knp/Snappy/AbstractGenerator.php:378)
[stacktrace]
#0 /Users/karendiaz/Desktop/fss/vendor/knplabs/knp-snappy/src/Knp/Snappy/AbstractGenerator.php(177): Knp\\Snappy\\AbstractGenerator->checkProcessStatus(127, '', 'sh: xvfb-run: c...', 'xvfb-run -- /us...')
#1 /Users/karendiaz/Desktop/fss/vendor/knplabs/knp-snappy/src/Knp/Snappy/Pdf.php(63): Knp\\Snappy\\AbstractGenerator->generate(Array, '/var/folders/fh...', Array, false)
#2 /Users/karendiaz/Desktop/fss/vendor/knplabs/knp-snappy/src/Knp/Snappy/AbstractGenerator.php(221): Knp\\Snappy\\Pdf->generate(Array, '/var/folders/fh...', Array)
#3 /Users/karendiaz/Desktop/fss/vendor/knplabs/knp-snappy/src/Knp/Snappy/AbstractGenerator.php(242): Knp\\Snappy\\AbstractGenerator->getOutput(Array, Array)
#4 /Users/karendiaz/Desktop/fss/vendor/barryvdh/laravel-snappy/src/PdfWrapper.php(176): Knp\\Snappy\\AbstractGenerator->getOutputFromHtml('<!DOCTYPE html>...', Array)
#5 /Users/karendiaz/Desktop/fss/vendor/barryvdh/laravel-snappy/src/PdfWrapper.php(246): Barryvdh\\Snappy\\PdfWrapper->output()
#6 /Users/karendiaz/Desktop/fss/vendor/symfony/http-foundation/StreamedResponse.php(112): Barryvdh\\Snappy\\PdfWrapper->Barryvdh\\Snappy\\{closure}()
#7 /Users/karendiaz/Desktop/fss/vendor/symfony/http-foundation/Response.php(376): Symfony\\Component\\HttpFoundation\\StreamedResponse->sendContent()
#8 /Users/karendiaz/Desktop/fss/public/index.php(58): Symfony\\Component\\HttpFoundation\\Response->send()
#9 /Users/karendiaz/Desktop/fss/server.php(21): require_once('/Users/karendia...')
#10 {main}
"} 
[2019-12-03 15:35:27] local.ERROR: The exit status code '127' says something went wrong:
stderr: "sh: xvfb-run: command not found
"
stdout: ""
command: xvfb-run -- /usr/local/bin/wkhtmltopdf-amd64 --lowquality '/var/folders/fh/gqtnvhf93zg1446mf839jlmc0000gn/T/knp_snappy5de6f13f1811c1.52798397.html' '/var/folders/fh/gqtnvhf93zg1446mf839jlmc0000gn/T/knp_snappy5de6f13f1824a9.74858620.pdf'. {"userId":3,"exception":"[object] (RuntimeException(code: 127): The exit status code '127' says something went wrong:
stderr: \"sh: xvfb-run: command not found
\"
stdout: \"\"
command: xvfb-run -- /usr/local/bin/wkhtmltopdf-amd64 --lowquality '/var/folders/fh/gqtnvhf93zg1446mf839jlmc0000gn/T/knp_snappy5de6f13f1811c1.52798397.html' '/var/folders/fh/gqtnvhf93zg1446mf839jlmc0000gn/T/knp_snappy5de6f13f1824a9.74858620.pdf'. at /Users/karendiaz/Desktop/fss/vendor/knplabs/knp-snappy/src/Knp/Snappy/AbstractGenerator.php:378)
[stacktrace]
#0 /Users/karendiaz/Desktop/fss/vendor/knplabs/knp-snappy/src/Knp/Snappy/AbstractGenerator.php(177): Knp\\Snappy\\AbstractGenerator->checkProcessStatus(127, '', 'sh: xvfb-run: c...', 'xvfb-run -- /us...')
#1 /Users/karendiaz/Desktop/fss/vendor/knplabs/knp-snappy/src/Knp/Snappy/Pdf.php(63): Knp\\Snappy\\AbstractGenerator->generate(Array, '/var/folders/fh...', Array, false)
#2 /Users/karendiaz/Desktop/fss/vendor/knplabs/knp-snappy/src/Knp/Snappy/AbstractGenerator.php(221): Knp\\Snappy\\Pdf->generate(Array, '/var/folders/fh...', Array)
#3 /Users/karendiaz/Desktop/fss/vendor/knplabs/knp-snappy/src/Knp/Snappy/AbstractGenerator.php(242): Knp\\Snappy\\AbstractGenerator->getOutput(Array, Array)
#4 /Users/karendiaz/Desktop/fss/vendor/barryvdh/laravel-snappy/src/PdfWrapper.php(176): Knp\\Snappy\\AbstractGenerator->getOutputFromHtml('<!DOCTYPE html>...', Array)
#5 /Users/karendiaz/Desktop/fss/vendor/barryvdh/laravel-snappy/src/PdfWrapper.php(246): Barryvdh\\Snappy\\PdfWrapper->output()
#6 /Users/karendiaz/Desktop/fss/vendor/symfony/http-foundation/StreamedResponse.php(112): Barryvdh\\Snappy\\PdfWrapper->Barryvdh\\Snappy\\{closure}()
#7 /Users/karendiaz/Desktop/fss/vendor/symfony/http-foundation/Response.php(376): Symfony\\Component\\HttpFoundation\\StreamedResponse->sendContent()
#8 /Users/karendiaz/Desktop/fss/public/index.php(58): Symfony\\Component\\HttpFoundation\\Response->send()
#9 /Users/karendiaz/Desktop/fss/server.php(21): require_once('/Users/karendia...')
#10 {main}
"} 
[2019-12-03 15:35:28] local.ERROR: The exit status code '127' says something went wrong:
stderr: "sh: xvfb-run: command not found
"
stdout: ""
command: xvfb-run -- /usr/local/bin/wkhtmltopdf-amd64 --lowquality '/var/folders/fh/gqtnvhf93zg1446mf839jlmc0000gn/T/knp_snappy5de6f140c526d4.59711746.html' '/var/folders/fh/gqtnvhf93zg1446mf839jlmc0000gn/T/knp_snappy5de6f140c539d1.92611034.pdf'. {"userId":3,"exception":"[object] (RuntimeException(code: 127): The exit status code '127' says something went wrong:
stderr: \"sh: xvfb-run: command not found
\"
stdout: \"\"
command: xvfb-run -- /usr/local/bin/wkhtmltopdf-amd64 --lowquality '/var/folders/fh/gqtnvhf93zg1446mf839jlmc0000gn/T/knp_snappy5de6f140c526d4.59711746.html' '/var/folders/fh/gqtnvhf93zg1446mf839jlmc0000gn/T/knp_snappy5de6f140c539d1.92611034.pdf'. at /Users/karendiaz/Desktop/fss/vendor/knplabs/knp-snappy/src/Knp/Snappy/AbstractGenerator.php:378)
[stacktrace]
#0 /Users/karendiaz/Desktop/fss/vendor/knplabs/knp-snappy/src/Knp/Snappy/AbstractGenerator.php(177): Knp\\Snappy\\AbstractGenerator->checkProcessStatus(127, '', 'sh: xvfb-run: c...', 'xvfb-run -- /us...')
#1 /Users/karendiaz/Desktop/fss/vendor/knplabs/knp-snappy/src/Knp/Snappy/Pdf.php(63): Knp\\Snappy\\AbstractGenerator->generate(Array, '/var/folders/fh...', Array, false)
#2 /Users/karendiaz/Desktop/fss/vendor/knplabs/knp-snappy/src/Knp/Snappy/AbstractGenerator.php(221): Knp\\Snappy\\Pdf->generate(Array, '/var/folders/fh...', Array)
#3 /Users/karendiaz/Desktop/fss/vendor/knplabs/knp-snappy/src/Knp/Snappy/AbstractGenerator.php(242): Knp\\Snappy\\AbstractGenerator->getOutput(Array, Array)
#4 /Users/karendiaz/Desktop/fss/vendor/barryvdh/laravel-snappy/src/PdfWrapper.php(176): Knp\\Snappy\\AbstractGenerator->getOutputFromHtml('<!DOCTYPE html>...', Array)
#5 /Users/karendiaz/Desktop/fss/vendor/barryvdh/laravel-snappy/src/PdfWrapper.php(246): Barryvdh\\Snappy\\PdfWrapper->output()
#6 /Users/karendiaz/Desktop/fss/vendor/symfony/http-foundation/StreamedResponse.php(112): Barryvdh\\Snappy\\PdfWrapper->Barryvdh\\Snappy\\{closure}()
#7 /Users/karendiaz/Desktop/fss/vendor/symfony/http-foundation/Response.php(376): Symfony\\Component\\HttpFoundation\\StreamedResponse->sendContent()
#8 /Users/karendiaz/Desktop/fss/public/index.php(58): Symfony\\Component\\HttpFoundation\\Response->send()
#9 /Users/karendiaz/Desktop/fss/server.php(21): require_once('/Users/karendia...')
#10 {main}
"} 
[2019-12-03 16:26:41] local.ERROR: SQLSTATE[42S22]: Column not found: 1054 Unknown column 'originator' in 'field list' (SQL: insert into `orders_history` (`id`, `ordernumber_id`, `orderid`, `user_id`, `company`, `originator`, `in_care_of`, `so_num`, `po_num`, `job_num`, `carrier_id`, `carrier`, `name`, `cust_name`, `cust_order_no`, `street_address`, `city`, `zip`, `order_type`, `barcode`, `description`, `unit_qty`, `kit_qty`, `case_qty`, `carton_qty`, `pallet_qty`, `tot_qty`, `status`, `created_at`, `updated_at`) values (201, 275, 375, 3, Company A, test origin, test company, ?, ?, ?, 123-001, test carrier, ?, ?, ?, ?, ?, ?, Transfer Out Items, ?, ?, 12, 12, 12, 0, 0, ?, Completed, 2019-12-03 16:01:49, 2019-12-03 16:26:41)) {"userId":1,"exception":"[object] (Illuminate\\Database\\QueryException(code: 42S22): SQLSTATE[42S22]: Column not found: 1054 Unknown column 'originator' in 'field list' (SQL: insert into `orders_history` (`id`, `ordernumber_id`, `orderid`, `user_id`, `company`, `originator`, `in_care_of`, `so_num`, `po_num`, `job_num`, `carrier_id`, `carrier`, `name`, `cust_name`, `cust_order_no`, `street_address`, `city`, `zip`, `order_type`, `barcode`, `description`, `unit_qty`, `kit_qty`, `case_qty`, `carton_qty`, `pallet_qty`, `tot_qty`, `status`, `created_at`, `updated_at`) values (201, 275, 375, 3, Company A, test origin, test company, ?, ?, ?, 123-001, test carrier, ?, ?, ?, ?, ?, ?, Transfer Out Items, ?, ?, 12, 12, 12, 0, 0, ?, Completed, 2019-12-03 16:01:49, 2019-12-03 16:26:41)) at /Users/karendiaz/Desktop/fss/vendor/laravel/framework/src/Illuminate/Database/Connection.php:664, PDOException(code: 42S22): SQLSTATE[42S22]: Column not found: 1054 Unknown column 'originator' in 'field list' at /Users/karendiaz/Desktop/fss/vendor/laravel/framework/src/Illuminate/Database/Connection.php:452)
[stacktrace]
#0 /Users/karendiaz/Desktop/fss/vendor/laravel/framework/src/Illuminate/Database/Connection.php(624): Illuminate\\Database\\Connection->runQueryCallback('insert into `or...', Array, Object(Closure))
#1 /Users/karendiaz/Desktop/fss/vendor/laravel/framework/src/Illuminate/Database/Connection.php(459): Illuminate\\Database\\Connection->run('insert into `or...', Array, Object(Closure))
#2 /Users/karendiaz/Desktop/fss/vendor/laravel/framework/src/Illuminate/Database/Connection.php(411): Illuminate\\Database\\Connection->statement('insert into `or...', Array)
#3 /Users/karendiaz/Desktop/fss/vendor/laravel/framework/src/Illuminate/Database/Query/Builder.php(2646): Illuminate\\Database\\Connection->insert('insert into `or...', Array)
#4 /Users/karendiaz/Desktop/fss/vendor/laravel/framework/src/Illuminate/Database/Eloquent/Builder.php(1353): Illuminate\\Database\\Query\\Builder->insert(Array)
#5 /Users/karendiaz/Desktop/fss/vendor/laravel/framework/src/Illuminate/Support/Traits/ForwardsCalls.php(23): Illuminate\\Database\\Eloquent\\Builder->__call('insert', Array)
#6 /Users/karendiaz/Desktop/fss/vendor/laravel/framework/src/Illuminate/Database/Eloquent/Model.php(1618): Illuminate\\Database\\Eloquent\\Model->forwardCallTo(Object(Illuminate\\Database\\Eloquent\\Builder), 'insert', Array)
#7 /Users/karendiaz/Desktop/fss/vendor/laravel/framework/src/Illuminate/Database/Eloquent/Model.php(1630): Illuminate\\Database\\Eloquent\\Model->__call('insert', Array)
#8 /Users/karendiaz/Desktop/fss/app/Http/Controllers/OrdersController.php(1335): Illuminate\\Database\\Eloquent\\Model::__callStatic('insert', Array)
#9 [internal function]: App\\Http\\Controllers\\OrdersController->updatestatus(Object(Illuminate\\Http\\Request), '201')
#10 /Users/karendiaz/Desktop/fss/vendor/laravel/framework/src/Illuminate/Routing/Controller.php(54): call_user_func_array(Array, Array)
#11 /Users/karendiaz/Desktop/fss/vendor/laravel/framework/src/Illuminate/Routing/ControllerDispatcher.php(45): Illuminate\\Routing\\Controller->callAction('updatestatus', Array)
#12 /Users/karendiaz/Desktop/fss/vendor/laravel/framework/src/Illuminate/Routing/Route.php(219): Illuminate\\Routing\\ControllerDispatcher->dispatch(Object(Illuminate\\Routing\\Route), Object(App\\Http\\Controllers\\OrdersController), 'updatestatus')
#13 /Users/karendiaz/Desktop/fss/vendor/laravel/framework/src/Illuminate/Routing/Route.php(176): Illuminate\\Routing\\Route->runController()
#14 /Users/karendiaz/Desktop/fss/vendor/laravel/framework/src/Illuminate/Routing/Router.php(680): Illuminate\\Routing\\Route->run()
#15 /Users/karendiaz/Desktop/fss/vendor/laravel/framework/src/Illuminate/Routing/Pipeline.php(30): Illuminate\\Routing\\Router->Illuminate\\Routing\\{closure}(Object(Illuminate\\Http\\Request))
#16 /Users/karendiaz/Desktop/fss/app/Http/Middleware/Impersonate.php(25): Illuminate\\Routing\\Pipeline->Illuminate\\Routing\\{closure}(Object(Illuminate\\Http\\Request))
#17 /Users/karendiaz/Desktop/fss/vendor/laravel/framework/src/Illuminate/Pipeline/Pipeline.php(163): App\\Http\\Middleware\\Impersonate->handle(Object(Illuminate\\Http\\Request), Object(Closure))
#18 /Users/karendiaz/Desktop/fss/vendor/laravel/framework/src/Illuminate/Routing/Pipeline.php(53): Illuminate\\Pipeline\\Pipeline->Illuminate\\Pipeline\\{closure}(Object(Illuminate\\Http\\Request))
#19 /Users/karendiaz/Desktop/fss/vendor/laravel/framework/src/Illuminate/Routing/Middleware/SubstituteBindings.php(41): Illuminate\\Routing\\Pipeline->Illuminate\\Routing\\{closure}(Object(Illuminate\\Http\\Request))
#20 /Users/karendiaz/Desktop/fss/vendor/laravel/framework/src/Illuminate/Pipeline/Pipeline.php(163): Illuminate\\Routing\\Middleware\\SubstituteBindings->handle(Object(Illuminate\\Http\\Request), Object(Closure))
#21 /Users/karendiaz/Desktop/fss/vendor/laravel/framework/src/Illuminate/Routing/Pipeline.php(53): Illuminate\\Pipeline\\Pipeline->Illuminate\\Pipeline\\{closure}(Object(Illuminate\\Http\\Request))
#22 /Users/karendiaz/Desktop/fss/vendor/laravel/framework/src/Illuminate/Auth/Middleware/Authenticate.php(43): Illuminate\\Routing\\Pipeline->Illuminate\\Routing\\{closure}(Object(Illuminate\\Http\\Request))
#23 /Users/karendiaz/Desktop/fss/vendor/laravel/framework/src/Illuminate/Pipeline/Pipeline.php(163): Illuminate\\Auth\\Middleware\\Authenticate->handle(Object(Illuminate\\Http\\Request), Object(Closure))
#24 /Users/karendiaz/Desktop/fss/vendor/laravel/framework/src/Illuminate/Routing/Pipeline.php(53): Illuminate\\Pipeline\\Pipeline->Illuminate\\Pipeline\\{closure}(Object(Illuminate\\Http\\Request))
#25 /Users/karendiaz/Desktop/fss/vendor/laravel/framework/src/Illuminate/Foundation/Http/Middleware/VerifyCsrfToken.php(75): Illuminate\\Routing\\Pipeline->Illuminate\\Routing\\{closure}(Object(Illuminate\\Http\\Request))
#26 /Users/karendiaz/Desktop/fss/vendor/laravel/framework/src/Illuminate/Pipeline/Pipeline.php(163): Illuminate\\Foundation\\Http\\Middleware\\VerifyCsrfToken->handle(Object(Illuminate\\Http\\Request), Object(Closure))
#27 /Users/karendiaz/Desktop/fss/vendor/laravel/framework/src/Illuminate/Routing/Pipeline.php(53): Illuminate\\Pipeline\\Pipeline->Illuminate\\Pipeline\\{closure}(Object(Illuminate\\Http\\Request))
#28 /Users/karendiaz/Desktop/fss/vendor/laravel/framework/src/Illuminate/View/Middleware/ShareErrorsFromSession.php(49): Illuminate\\Routing\\Pipeline->Illuminate\\Routing\\{closure}(Object(Illuminate\\Http\\Request))
#29 /Users/karendiaz/Desktop/fss/vendor/laravel/framework/src/Illuminate/Pipeline/Pipeline.php(163): Illuminate\\View\\Middleware\\ShareErrorsFromSession->handle(Object(Illuminate\\Http\\Request), Object(Closure))
#30 /Users/karendiaz/Desktop/fss/vendor/laravel/framework/src/Illuminate/Routing/Pipeline.php(53): Illuminate\\Pipeline\\Pipeline->Illuminate\\Pipeline\\{closure}(Object(Illuminate\\Http\\Request))
#31 /Users/karendiaz/Desktop/fss/vendor/laravel/framework/src/Illuminate/Session/Middleware/StartSession.php(56): Illuminate\\Routing\\Pipeline->Illuminate\\Routing\\{closure}(Object(Illuminate\\Http\\Request))
#32 /Users/karendiaz/Desktop/fss/vendor/laravel/framework/src/Illuminate/Pipeline/Pipeline.php(163): Illuminate\\Session\\Middleware\\StartSession->handle(Object(Illuminate\\Http\\Request), Object(Closure))
#33 /Users/karendiaz/Desktop/fss/vendor/laravel/framework/src/Illuminate/Routing/Pipeline.php(53): Illuminate\\Pipeline\\Pipeline->Illuminate\\Pipeline\\{closure}(Object(Illuminate\\Http\\Request))
#34 /Users/karendiaz/Desktop/fss/vendor/laravel/framework/src/Illuminate/Cookie/Middleware/AddQueuedCookiesToResponse.php(37): Illuminate\\Routing\\Pipeline->Illuminate\\Routing\\{closure}(Object(Illuminate\\Http\\Request))
#35 /Users/karendiaz/Desktop/fss/vendor/laravel/framework/src/Illuminate/Pipeline/Pipeline.php(163): Illuminate\\Cookie\\Middleware\\AddQueuedCookiesToResponse->handle(Object(Illuminate\\Http\\Request), Object(Closure))
#36 /Users/karendiaz/Desktop/fss/vendor/laravel/framework/src/Illuminate/Routing/Pipeline.php(53): Illuminate\\Pipeline\\Pipeline->Illuminate\\Pipeline\\{closure}(Object(Illuminate\\Http\\Request))
#37 /Users/karendiaz/Desktop/fss/vendor/laravel/framework/src/Illuminate/Cookie/Middleware/EncryptCookies.php(66): Illuminate\\Routing\\Pipeline->Illuminate\\Routing\\{closure}(Object(Illuminate\\Http\\Request))
#38 /Users/karendiaz/Desktop/fss/vendor/laravel/framework/src/Illuminate/Pipeline/Pipeline.php(163): Illuminate\\Cookie\\Middleware\\EncryptCookies->handle(Object(Illuminate\\Http\\Request), Object(Closure))
#39 /Users/karendiaz/Desktop/fss/vendor/laravel/framework/src/Illuminate/Routing/Pipeline.php(53): Illuminate\\Pipeline\\Pipeline->Illuminate\\Pipeline\\{closure}(Object(Illuminate\\Http\\Request))
#40 /Users/karendiaz/Desktop/fss/vendor/laravel/framework/src/Illuminate/Pipeline/Pipeline.php(104): Illuminate\\Routing\\Pipeline->Illuminate\\Routing\\{closure}(Object(Illuminate\\Http\\Request))
#41 /Users/karendiaz/Desktop/fss/vendor/laravel/framework/src/Illuminate/Routing/Router.php(682): Illuminate\\Pipeline\\Pipeline->then(Object(Closure))
#42 /Users/karendiaz/Desktop/fss/vendor/laravel/framework/src/Illuminate/Routing/Router.php(657): Illuminate\\Routing\\Router->runRouteWithinStack(Object(Illuminate\\Routing\\Route), Object(Illuminate\\Http\\Request))
#43 /Users/karendiaz/Desktop/fss/vendor/laravel/framework/src/Illuminate/Routing/Router.php(623): Illuminate\\Routing\\Router->runRoute(Object(Illuminate\\Http\\Request), Object(Illuminate\\Routing\\Route))
#44 /Users/karendiaz/Desktop/fss/vendor/laravel/framework/src/Illuminate/Routing/Router.php(612): Illuminate\\Routing\\Router->dispatchToRoute(Object(Illuminate\\Http\\Request))
#45 /Users/karendiaz/Desktop/fss/vendor/laravel/framework/src/Illuminate/Foundation/Http/Kernel.php(176): Illuminate\\Routing\\Router->dispatch(Object(Illuminate\\Http\\Request))
#46 /Users/karendiaz/Desktop/fss/vendor/laravel/framework/src/Illuminate/Routing/Pipeline.php(30): Illuminate\\Foundation\\Http\\Kernel->Illuminate\\Foundation\\Http\\{closure}(Object(Illuminate\\Http\\Request))
#47 /Users/karendiaz/Desktop/fss/vendor/fideloper/proxy/src/TrustProxies.php(57): Illuminate\\Routing\\Pipeline->Illuminate\\Routing\\{closure}(Object(Illuminate\\Http\\Request))
#48 /Users/karendiaz/Desktop/fss/vendor/laravel/framework/src/Illuminate/Pipeline/Pipeline.php(163): Fideloper\\Proxy\\TrustProxies->handle(Object(Illuminate\\Http\\Request), Object(Closure))
#49 /Users/karendiaz/Desktop/fss/vendor/laravel/framework/src/Illuminate/Routing/Pipeline.php(53): Illuminate\\Pipeline\\Pipeline->Illuminate\\Pipeline\\{closure}(Object(Illuminate\\Http\\Request))
#50 /Users/karendiaz/Desktop/fss/vendor/laravel/framework/src/Illuminate/Foundation/Http/Middleware/TransformsRequest.php(21): Illuminate\\Routing\\Pipeline->Illuminate\\Routing\\{closure}(Object(Illuminate\\Http\\Request))
#51 /Users/karendiaz/Desktop/fss/vendor/laravel/framework/src/Illuminate/Pipeline/Pipeline.php(163): Illuminate\\Foundation\\Http\\Middleware\\TransformsRequest->handle(Object(Illuminate\\Http\\Request), Object(Closure))
#52 /Users/karendiaz/Desktop/fss/vendor/laravel/framework/src/Illuminate/Routing/Pipeline.php(53): Illuminate\\Pipeline\\Pipeline->Illuminate\\Pipeline\\{closure}(Object(Illuminate\\Http\\Request))
#53 /Users/karendiaz/Desktop/fss/vendor/laravel/framework/src/Illuminate/Foundation/Http/Middleware/TransformsRequest.php(21): Illuminate\\Routing\\Pipeline->Illuminate\\Routing\\{closure}(Object(Illuminate\\Http\\Request))
#54 /Users/karendiaz/Desktop/fss/vendor/laravel/framework/src/Illuminate/Pipeline/Pipeline.php(163): Illuminate\\Foundation\\Http\\Middleware\\TransformsRequest->handle(Object(Illuminate\\Http\\Request), Object(Closure))
#55 /Users/karendiaz/Desktop/fss/vendor/laravel/framework/src/Illuminate/Routing/Pipeline.php(53): Illuminate\\Pipeline\\Pipeline->Illuminate\\Pipeline\\{closure}(Object(Illuminate\\Http\\Request))
#56 /Users/karendiaz/Desktop/fss/vendor/laravel/framework/src/Illuminate/Foundation/Http/Middleware/ValidatePostSize.php(27): Illuminate\\Routing\\Pipeline->Illuminate\\Routing\\{closure}(Object(Illuminate\\Http\\Request))
#57 /Users/karendiaz/Desktop/fss/vendor/laravel/framework/src/Illuminate/Pipeline/Pipeline.php(163): Illuminate\\Foundation\\Http\\Middleware\\ValidatePostSize->handle(Object(Illuminate\\Http\\Request), Object(Closure))
#58 /Users/karendiaz/Desktop/fss/vendor/laravel/framework/src/Illuminate/Routing/Pipeline.php(53): Illuminate\\Pipeline\\Pipeline->Illuminate\\Pipeline\\{closure}(Object(Illuminate\\Http\\Request))
#59 /Users/karendiaz/Desktop/fss/vendor/laravel/framework/src/Illuminate/Foundation/Http/Middleware/CheckForMaintenanceMode.php(62): Illuminate\\Routing\\Pipeline->Illuminate\\Routing\\{closure}(Object(Illuminate\\Http\\Request))
#60 /Users/karendiaz/Desktop/fss/vendor/laravel/framework/src/Illuminate/Pipeline/Pipeline.php(163): Illuminate\\Foundation\\Http\\Middleware\\CheckForMaintenanceMode->handle(Object(Illuminate\\Http\\Request), Object(Closure))
#61 /Users/karendiaz/Desktop/fss/vendor/laravel/framework/src/Illuminate/Routing/Pipeline.php(53): Illuminate\\Pipeline\\Pipeline->Illuminate\\Pipeline\\{closure}(Object(Illuminate\\Http\\Request))
#62 /Users/karendiaz/Desktop/fss/vendor/laravel/framework/src/Illuminate/Pipeline/Pipeline.php(104): Illuminate\\Routing\\Pipeline->Illuminate\\Routing\\{closure}(Object(Illuminate\\Http\\Request))
#63 /Users/karendiaz/Desktop/fss/vendor/laravel/framework/src/Illuminate/Foundation/Http/Kernel.php(151): Illuminate\\Pipeline\\Pipeline->then(Object(Closure))
#64 /Users/karendiaz/Desktop/fss/vendor/laravel/framework/src/Illuminate/Foundation/Http/Kernel.php(116): Illuminate\\Foundation\\Http\\Kernel->sendRequestThroughRouter(Object(Illuminate\\Http\\Request))
#65 /Users/karendiaz/Desktop/fss/public/index.php(55): Illuminate\\Foundation\\Http\\Kernel->handle(Object(Illuminate\\Http\\Request))
#66 /Users/karendiaz/Desktop/fss/server.php(21): require_once('/Users/karendia...')
#67 {main}
"} 
