[2019-12-28 14:15:24] local.ERROR: The exit status code '127' says something went wrong:
stderr: "sh: xvfb-run: command not found
"
stdout: ""
command: xvfb-run -- /usr/local/bin/wkhtmltopdf-amd64 --lowquality '/var/folders/fh/gqtnvhf93zg1446mf839jlmc0000gn/T/knp_snappy5e07d3fc4074c8.32716354.html' '/Users/karendiaz/Desktop/fss/storage/app/public/uploadsbol_53.pdf'. {"userId":1,"exception":"[object] (RuntimeException(code: 127): The exit status code '127' says something went wrong:
stderr: \"sh: xvfb-run: command not found
\"
stdout: \"\"
command: xvfb-run -- /usr/local/bin/wkhtmltopdf-amd64 --lowquality '/var/folders/fh/gqtnvhf93zg1446mf839jlmc0000gn/T/knp_snappy5e07d3fc4074c8.32716354.html' '/Users/karendiaz/Desktop/fss/storage/app/public/uploadsbol_53.pdf'. at /Users/karendiaz/Desktop/fss/vendor/knplabs/knp-snappy/src/Knp/Snappy/AbstractGenerator.php:378)
[stacktrace]
#0 /Users/karendiaz/Desktop/fss/vendor/knplabs/knp-snappy/src/Knp/Snappy/AbstractGenerator.php(177): Knp\\Snappy\\AbstractGenerator->checkProcessStatus(127, '', 'sh: xvfb-run: c...', 'xvfb-run -- /us...')
#1 /Users/karendiaz/Desktop/fss/vendor/knplabs/knp-snappy/src/Knp/Snappy/Pdf.php(63): Knp\\Snappy\\AbstractGenerator->generate(Array, '/Users/karendia...', Array, false)
#2 /Users/karendiaz/Desktop/fss/vendor/knplabs/knp-snappy/src/Knp/Snappy/AbstractGenerator.php(211): Knp\\Snappy\\Pdf->generate(Array, '/Users/karendia...', Array, false)
#3 /Users/karendiaz/Desktop/fss/vendor/barryvdh/laravel-snappy/src/PdfWrapper.php(198): Knp\\Snappy\\AbstractGenerator->generateFromHtml('<!DOCTYPE html>...', '/Users/karendia...', Array, false)
#4 /Users/karendiaz/Desktop/fss/app/Http/Controllers/ShipmentsController.php(89): Barryvdh\\Snappy\\PdfWrapper->save('/Users/karendia...')
#5 [internal function]: App\\Http\\Controllers\\ShipmentsController->pdfexport('53')
#6 /Users/karendiaz/Desktop/fss/vendor/laravel/framework/src/Illuminate/Routing/Controller.php(54): call_user_func_array(Array, Array)
#7 /Users/karendiaz/Desktop/fss/vendor/laravel/framework/src/Illuminate/Routing/ControllerDispatcher.php(45): Illuminate\\Routing\\Controller->callAction('pdfexport', Array)
#8 /Users/karendiaz/Desktop/fss/vendor/laravel/framework/src/Illuminate/Routing/Route.php(219): Illuminate\\Routing\\ControllerDispatcher->dispatch(Object(Illuminate\\Routing\\Route), Object(App\\Http\\Controllers\\ShipmentsController), 'pdfexport')
#9 /Users/karendiaz/Desktop/fss/vendor/laravel/framework/src/Illuminate/Routing/Route.php(176): Illuminate\\Routing\\Route->runController()
#10 /Users/karendiaz/Desktop/fss/vendor/laravel/framework/src/Illuminate/Routing/Router.php(680): Illuminate\\Routing\\Route->run()
#11 /Users/karendiaz/Desktop/fss/vendor/laravel/framework/src/Illuminate/Routing/Pipeline.php(30): Illuminate\\Routing\\Router->Illuminate\\Routing\\{closure}(Object(Illuminate\\Http\\Request))
#12 /Users/karendiaz/Desktop/fss/app/Http/Middleware/Impersonate.php(25): Illuminate\\Routing\\Pipeline->Illuminate\\Routing\\{closure}(Object(Illuminate\\Http\\Request))
#13 /Users/karendiaz/Desktop/fss/vendor/laravel/framework/src/Illuminate/Pipeline/Pipeline.php(163): App\\Http\\Middleware\\Impersonate->handle(Object(Illuminate\\Http\\Request), Object(Closure))
#14 /Users/karendiaz/Desktop/fss/vendor/laravel/framework/src/Illuminate/Routing/Pipeline.php(53): Illuminate\\Pipeline\\Pipeline->Illuminate\\Pipeline\\{closure}(Object(Illuminate\\Http\\Request))
#15 /Users/karendiaz/Desktop/fss/vendor/laravel/framework/src/Illuminate/Routing/Middleware/SubstituteBindings.php(41): Illuminate\\Routing\\Pipeline->Illuminate\\Routing\\{closure}(Object(Illuminate\\Http\\Request))
#16 /Users/karendiaz/Desktop/fss/vendor/laravel/framework/src/Illuminate/Pipeline/Pipeline.php(163): Illuminate\\Routing\\Middleware\\SubstituteBindings->handle(Object(Illuminate\\Http\\Request), Object(Closure))
#17 /Users/karendiaz/Desktop/fss/vendor/laravel/framework/src/Illuminate/Routing/Pipeline.php(53): Illuminate\\Pipeline\\Pipeline->Illuminate\\Pipeline\\{closure}(Object(Illuminate\\Http\\Request))
#18 /Users/karendiaz/Desktop/fss/vendor/laravel/framework/src/Illuminate/Auth/Middleware/Authenticate.php(43): Illuminate\\Routing\\Pipeline->Illuminate\\Routing\\{closure}(Object(Illuminate\\Http\\Request))
#19 /Users/karendiaz/Desktop/fss/vendor/laravel/framework/src/Illuminate/Pipeline/Pipeline.php(163): Illuminate\\Auth\\Middleware\\Authenticate->handle(Object(Illuminate\\Http\\Request), Object(Closure))
#20 /Users/karendiaz/Desktop/fss/vendor/laravel/framework/src/Illuminate/Routing/Pipeline.php(53): Illuminate\\Pipeline\\Pipeline->Illuminate\\Pipeline\\{closure}(Object(Illuminate\\Http\\Request))
#21 /Users/karendiaz/Desktop/fss/vendor/laravel/framework/src/Illuminate/Foundation/Http/Middleware/VerifyCsrfToken.php(75): Illuminate\\Routing\\Pipeline->Illuminate\\Routing\\{closure}(Object(Illuminate\\Http\\Request))
#22 /Users/karendiaz/Desktop/fss/vendor/laravel/framework/src/Illuminate/Pipeline/Pipeline.php(163): Illuminate\\Foundation\\Http\\Middleware\\VerifyCsrfToken->handle(Object(Illuminate\\Http\\Request), Object(Closure))
#23 /Users/karendiaz/Desktop/fss/vendor/laravel/framework/src/Illuminate/Routing/Pipeline.php(53): Illuminate\\Pipeline\\Pipeline->Illuminate\\Pipeline\\{closure}(Object(Illuminate\\Http\\Request))
#24 /Users/karendiaz/Desktop/fss/vendor/laravel/framework/src/Illuminate/View/Middleware/ShareErrorsFromSession.php(49): Illuminate\\Routing\\Pipeline->Illuminate\\Routing\\{closure}(Object(Illuminate\\Http\\Request))
#25 /Users/karendiaz/Desktop/fss/vendor/laravel/framework/src/Illuminate/Pipeline/Pipeline.php(163): Illuminate\\View\\Middleware\\ShareErrorsFromSession->handle(Object(Illuminate\\Http\\Request), Object(Closure))
#26 /Users/karendiaz/Desktop/fss/vendor/laravel/framework/src/Illuminate/Routing/Pipeline.php(53): Illuminate\\Pipeline\\Pipeline->Illuminate\\Pipeline\\{closure}(Object(Illuminate\\Http\\Request))
#27 /Users/karendiaz/Desktop/fss/vendor/laravel/framework/src/Illuminate/Session/Middleware/StartSession.php(56): Illuminate\\Routing\\Pipeline->Illuminate\\Routing\\{closure}(Object(Illuminate\\Http\\Request))
#28 /Users/karendiaz/Desktop/fss/vendor/laravel/framework/src/Illuminate/Pipeline/Pipeline.php(163): Illuminate\\Session\\Middleware\\StartSession->handle(Object(Illuminate\\Http\\Request), Object(Closure))
#29 /Users/karendiaz/Desktop/fss/vendor/laravel/framework/src/Illuminate/Routing/Pipeline.php(53): Illuminate\\Pipeline\\Pipeline->Illuminate\\Pipeline\\{closure}(Object(Illuminate\\Http\\Request))
#30 /Users/karendiaz/Desktop/fss/vendor/laravel/framework/src/Illuminate/Cookie/Middleware/AddQueuedCookiesToResponse.php(37): Illuminate\\Routing\\Pipeline->Illuminate\\Routing\\{closure}(Object(Illuminate\\Http\\Request))
#31 /Users/karendiaz/Desktop/fss/vendor/laravel/framework/src/Illuminate/Pipeline/Pipeline.php(163): Illuminate\\Cookie\\Middleware\\AddQueuedCookiesToResponse->handle(Object(Illuminate\\Http\\Request), Object(Closure))
#32 /Users/karendiaz/Desktop/fss/vendor/laravel/framework/src/Illuminate/Routing/Pipeline.php(53): Illuminate\\Pipeline\\Pipeline->Illuminate\\Pipeline\\{closure}(Object(Illuminate\\Http\\Request))
#33 /Users/karendiaz/Desktop/fss/vendor/laravel/framework/src/Illuminate/Cookie/Middleware/EncryptCookies.php(66): Illuminate\\Routing\\Pipeline->Illuminate\\Routing\\{closure}(Object(Illuminate\\Http\\Request))
#34 /Users/karendiaz/Desktop/fss/vendor/laravel/framework/src/Illuminate/Pipeline/Pipeline.php(163): Illuminate\\Cookie\\Middleware\\EncryptCookies->handle(Object(Illuminate\\Http\\Request), Object(Closure))
#35 /Users/karendiaz/Desktop/fss/vendor/laravel/framework/src/Illuminate/Routing/Pipeline.php(53): Illuminate\\Pipeline\\Pipeline->Illuminate\\Pipeline\\{closure}(Object(Illuminate\\Http\\Request))
#36 /Users/karendiaz/Desktop/fss/vendor/laravel/framework/src/Illuminate/Pipeline/Pipeline.php(104): Illuminate\\Routing\\Pipeline->Illuminate\\Routing\\{closure}(Object(Illuminate\\Http\\Request))
#37 /Users/karendiaz/Desktop/fss/vendor/laravel/framework/src/Illuminate/Routing/Router.php(682): Illuminate\\Pipeline\\Pipeline->then(Object(Closure))
#38 /Users/karendiaz/Desktop/fss/vendor/laravel/framework/src/Illuminate/Routing/Router.php(657): Illuminate\\Routing\\Router->runRouteWithinStack(Object(Illuminate\\Routing\\Route), Object(Illuminate\\Http\\Request))
#39 /Users/karendiaz/Desktop/fss/vendor/laravel/framework/src/Illuminate/Routing/Router.php(623): Illuminate\\Routing\\Router->runRoute(Object(Illuminate\\Http\\Request), Object(Illuminate\\Routing\\Route))
#40 /Users/karendiaz/Desktop/fss/vendor/laravel/framework/src/Illuminate/Routing/Router.php(612): Illuminate\\Routing\\Router->dispatchToRoute(Object(Illuminate\\Http\\Request))
#41 /Users/karendiaz/Desktop/fss/vendor/laravel/framework/src/Illuminate/Foundation/Http/Kernel.php(176): Illuminate\\Routing\\Router->dispatch(Object(Illuminate\\Http\\Request))
#42 /Users/karendiaz/Desktop/fss/vendor/laravel/framework/src/Illuminate/Routing/Pipeline.php(30): Illuminate\\Foundation\\Http\\Kernel->Illuminate\\Foundation\\Http\\{closure}(Object(Illuminate\\Http\\Request))
#43 /Users/karendiaz/Desktop/fss/vendor/fideloper/proxy/src/TrustProxies.php(57): Illuminate\\Routing\\Pipeline->Illuminate\\Routing\\{closure}(Object(Illuminate\\Http\\Request))
#44 /Users/karendiaz/Desktop/fss/vendor/laravel/framework/src/Illuminate/Pipeline/Pipeline.php(163): Fideloper\\Proxy\\TrustProxies->handle(Object(Illuminate\\Http\\Request), Object(Closure))
#45 /Users/karendiaz/Desktop/fss/vendor/laravel/framework/src/Illuminate/Routing/Pipeline.php(53): Illuminate\\Pipeline\\Pipeline->Illuminate\\Pipeline\\{closure}(Object(Illuminate\\Http\\Request))
#46 /Users/karendiaz/Desktop/fss/vendor/laravel/framework/src/Illuminate/Foundation/Http/Middleware/TransformsRequest.php(21): Illuminate\\Routing\\Pipeline->Illuminate\\Routing\\{closure}(Object(Illuminate\\Http\\Request))
#47 /Users/karendiaz/Desktop/fss/vendor/laravel/framework/src/Illuminate/Pipeline/Pipeline.php(163): Illuminate\\Foundation\\Http\\Middleware\\TransformsRequest->handle(Object(Illuminate\\Http\\Request), Object(Closure))
#48 /Users/karendiaz/Desktop/fss/vendor/laravel/framework/src/Illuminate/Routing/Pipeline.php(53): Illuminate\\Pipeline\\Pipeline->Illuminate\\Pipeline\\{closure}(Object(Illuminate\\Http\\Request))
#49 /Users/karendiaz/Desktop/fss/vendor/laravel/framework/src/Illuminate/Foundation/Http/Middleware/TransformsRequest.php(21): Illuminate\\Routing\\Pipeline->Illuminate\\Routing\\{closure}(Object(Illuminate\\Http\\Request))
#50 /Users/karendiaz/Desktop/fss/vendor/laravel/framework/src/Illuminate/Pipeline/Pipeline.php(163): Illuminate\\Foundation\\Http\\Middleware\\TransformsRequest->handle(Object(Illuminate\\Http\\Request), Object(Closure))
#51 /Users/karendiaz/Desktop/fss/vendor/laravel/framework/src/Illuminate/Routing/Pipeline.php(53): Illuminate\\Pipeline\\Pipeline->Illuminate\\Pipeline\\{closure}(Object(Illuminate\\Http\\Request))
#52 /Users/karendiaz/Desktop/fss/vendor/laravel/framework/src/Illuminate/Foundation/Http/Middleware/ValidatePostSize.php(27): Illuminate\\Routing\\Pipeline->Illuminate\\Routing\\{closure}(Object(Illuminate\\Http\\Request))
#53 /Users/karendiaz/Desktop/fss/vendor/laravel/framework/src/Illuminate/Pipeline/Pipeline.php(163): Illuminate\\Foundation\\Http\\Middleware\\ValidatePostSize->handle(Object(Illuminate\\Http\\Request), Object(Closure))
#54 /Users/karendiaz/Desktop/fss/vendor/laravel/framework/src/Illuminate/Routing/Pipeline.php(53): Illuminate\\Pipeline\\Pipeline->Illuminate\\Pipeline\\{closure}(Object(Illuminate\\Http\\Request))
#55 /Users/karendiaz/Desktop/fss/vendor/laravel/framework/src/Illuminate/Foundation/Http/Middleware/CheckForMaintenanceMode.php(62): Illuminate\\Routing\\Pipeline->Illuminate\\Routing\\{closure}(Object(Illuminate\\Http\\Request))
#56 /Users/karendiaz/Desktop/fss/vendor/laravel/framework/src/Illuminate/Pipeline/Pipeline.php(163): Illuminate\\Foundation\\Http\\Middleware\\CheckForMaintenanceMode->handle(Object(Illuminate\\Http\\Request), Object(Closure))
#57 /Users/karendiaz/Desktop/fss/vendor/laravel/framework/src/Illuminate/Routing/Pipeline.php(53): Illuminate\\Pipeline\\Pipeline->Illuminate\\Pipeline\\{closure}(Object(Illuminate\\Http\\Request))
#58 /Users/karendiaz/Desktop/fss/vendor/laravel/framework/src/Illuminate/Pipeline/Pipeline.php(104): Illuminate\\Routing\\Pipeline->Illuminate\\Routing\\{closure}(Object(Illuminate\\Http\\Request))
#59 /Users/karendiaz/Desktop/fss/vendor/laravel/framework/src/Illuminate/Foundation/Http/Kernel.php(151): Illuminate\\Pipeline\\Pipeline->then(Object(Closure))
#60 /Users/karendiaz/Desktop/fss/vendor/laravel/framework/src/Illuminate/Foundation/Http/Kernel.php(116): Illuminate\\Foundation\\Http\\Kernel->sendRequestThroughRouter(Object(Illuminate\\Http\\Request))
#61 /Users/karendiaz/Desktop/fss/public/index.php(55): Illuminate\\Foundation\\Http\\Kernel->handle(Object(Illuminate\\Http\\Request))
#62 /Users/karendiaz/Desktop/fss/server.php(21): require_once('/Users/karendia...')
#63 {main}
"} 
[2019-12-28 14:17:07] local.ERROR: The exit status code '127' says something went wrong:
stderr: "sh: xvfb-run: command not found
"
stdout: ""
command: xvfb-run -- /usr/local/bin/wkhtmltopdf-amd64 --lowquality '/var/folders/fh/gqtnvhf93zg1446mf839jlmc0000gn/T/knp_snappy5e07d463be5a91.74113003.html' '/var/folders/fh/gqtnvhf93zg1446mf839jlmc0000gn/T/knp_snappy5e07d463be6fe6.30841326.pdf'. {"userId":1,"exception":"[object] (RuntimeException(code: 127): The exit status code '127' says something went wrong:
stderr: \"sh: xvfb-run: command not found
\"
stdout: \"\"
command: xvfb-run -- /usr/local/bin/wkhtmltopdf-amd64 --lowquality '/var/folders/fh/gqtnvhf93zg1446mf839jlmc0000gn/T/knp_snappy5e07d463be5a91.74113003.html' '/var/folders/fh/gqtnvhf93zg1446mf839jlmc0000gn/T/knp_snappy5e07d463be6fe6.30841326.pdf'. at /Users/karendiaz/Desktop/fss/vendor/knplabs/knp-snappy/src/Knp/Snappy/AbstractGenerator.php:378)
[stacktrace]
#0 /Users/karendiaz/Desktop/fss/vendor/knplabs/knp-snappy/src/Knp/Snappy/AbstractGenerator.php(177): Knp\\Snappy\\AbstractGenerator->checkProcessStatus(127, '', 'sh: xvfb-run: c...', 'xvfb-run -- /us...')
#1 /Users/karendiaz/Desktop/fss/vendor/knplabs/knp-snappy/src/Knp/Snappy/Pdf.php(63): Knp\\Snappy\\AbstractGenerator->generate(Array, '/var/folders/fh...', Array, false)
#2 /Users/karendiaz/Desktop/fss/vendor/knplabs/knp-snappy/src/Knp/Snappy/AbstractGenerator.php(221): Knp\\Snappy\\Pdf->generate(Array, '/var/folders/fh...', Array)
#3 /Users/karendiaz/Desktop/fss/vendor/knplabs/knp-snappy/src/Knp/Snappy/AbstractGenerator.php(242): Knp\\Snappy\\AbstractGenerator->getOutput(Array, Array)
#4 /Users/karendiaz/Desktop/fss/vendor/barryvdh/laravel-snappy/src/PdfWrapper.php(176): Knp\\Snappy\\AbstractGenerator->getOutputFromHtml('<!DOCTYPE html>...', Array)
#5 /Users/karendiaz/Desktop/fss/vendor/barryvdh/laravel-snappy/src/PdfWrapper.php(246): Barryvdh\\Snappy\\PdfWrapper->output()
#6 /Users/karendiaz/Desktop/fss/vendor/symfony/http-foundation/StreamedResponse.php(112): Barryvdh\\Snappy\\PdfWrapper->Barryvdh\\Snappy\\{closure}()
#7 /Users/karendiaz/Desktop/fss/vendor/symfony/http-foundation/Response.php(376): Symfony\\Component\\HttpFoundation\\StreamedResponse->sendContent()
#8 /Users/karendiaz/Desktop/fss/public/index.php(58): Symfony\\Component\\HttpFoundation\\Response->send()
#9 /Users/karendiaz/Desktop/fss/server.php(21): require_once('/Users/karendia...')
#10 {main}
"} 
